[2025-06-11 17:06:22] Начало обработки запроса [68498d5e1a630]
[2025-06-11 17:06:22] [68498d5e1a630] Подключение к БД
[2025-06-11 17:06:22] [68498d5e1a630] Подключение к БД успешно
[2025-06-11 17:06:22] [68498d5e1a630] Параметры запроса: action=get_posts, id=0
[2025-06-11 17:06:22] [68498d5e1a630] Получение списка статей
[2025-06-11 17:06:22] [68498d5e1a630] Найдено статей: 3
[2025-06-11 17:06:22] Ответ [68498d5e1a630] для action=get_posts: {"status":200,"success":true,"message":"Список статей получен","data_size":3,"time":"1.68ms"}
[2025-06-11 17:06:28] Начало обработки запроса [68498d64b1ac7]
[2025-06-11 17:06:28] [68498d64b1ac7] Подключение к БД
[2025-06-11 17:06:28] [68498d64b1ac7] Подключение к БД успешно
[2025-06-11 17:06:28] [68498d64b1ac7] Параметры запроса: action=get_post, id=1
[2025-06-11 17:06:28] [68498d64b1ac7] Получение статьи ID: 1
[2025-06-11 17:06:28] [68498d64b1ac7] Статья найдена: Новое осеннее меню в ресторане
[2025-06-11 17:06:28] Ответ [68498d64b1ac7] для action=get_post: {"status":200,"success":true,"message":"Статья получена","data_size":5,"time":"1.44ms"}
[2025-06-11 17:09:32] Начало обработки запроса [68498e1c5ded4]
[2025-06-11 17:09:32] [68498e1c5ded4] Подключение к БД
[2025-06-11 17:09:32] [68498e1c5ded4] Подключение к БД успешно
[2025-06-11 17:09:32] [68498e1c5ded4] Параметры запроса: action=get_posts, id=0
[2025-06-11 17:09:32] [68498e1c5ded4] Получение списка статей
[2025-06-11 17:09:32] [68498e1c5ded4] Найдено статей: 3
[2025-06-11 17:09:32] Ответ [68498e1c5ded4] для action=get_posts: {"status":200,"success":true,"message":"Список статей получен","data_size":3,"time":"1.63ms"}
[2025-06-11 17:10:33] Начало обработки запроса [68498e596ba45]
[2025-06-11 17:10:33] [68498e596ba45] Подключение к БД
[2025-06-11 17:10:33] [68498e596ba45] Подключение к БД успешно
[2025-06-11 17:10:33] [68498e596ba45] Параметры запроса: action=get_posts, id=0
[2025-06-11 17:10:33] [68498e596ba45] Получение списка статей
[2025-06-11 17:10:33] [68498e596ba45] Найдено статей: 3
[2025-06-11 17:10:33] Ответ [68498e596ba45] для action=get_posts: {"status":200,"success":true,"message":"Список статей получен","data_size":3,"time":"1.46ms"}
[2025-06-11 17:10:56] Начало обработки запроса [68498e709e770]
[2025-06-11 17:10:56] [68498e709e770] Подключение к БД
[2025-06-11 17:10:56] [68498e709e770] Подключение к БД успешно
[2025-06-11 17:10:56] [68498e709e770] Параметры запроса: action=get_post, id=1
[2025-06-11 17:10:56] [68498e709e770] Получение статьи ID: 1
[2025-06-11 17:10:56] [68498e709e770] Статья найдена: Новое осеннее меню в ресторане
[2025-06-11 17:10:56] Ответ [68498e709e770] для action=get_post: {"status":200,"success":true,"message":"Статья получена","data_size":5,"time":"3.12ms"}
[2025-06-11 17:11:02] Начало обработки запроса [68498e760ed19]
[2025-06-11 17:11:02] [68498e760ed19] Подключение к БД
[2025-06-11 17:11:02] [68498e760ed19] Подключение к БД успешно
[2025-06-11 17:11:02] [68498e760ed19] Параметры запроса: action=get_post, id=2
[2025-06-11 17:11:02] [68498e760ed19] Получение статьи ID: 2
[2025-06-11 17:11:02] [68498e760ed19] Статья найдена: Открытие нового номера "Люкс"
[2025-06-11 17:11:02] Ответ [68498e760ed19] для action=get_post: {"status":200,"success":true,"message":"Статья получена","data_size":5,"time":"1.91ms"}
[2025-06-11 17:13:09] Начало обработки запроса [68498ef5ac492]
[2025-06-11 17:13:09] [68498ef5ac492] Подключение к БД
[2025-06-11 17:13:09] [68498ef5ac492] Подключение к БД успешно
[2025-06-11 17:13:09] [68498ef5ac492] Параметры запроса: action=get_posts, id=0
[2025-06-11 17:13:09] [68498ef5ac492] Получение списка статей
[2025-06-11 17:13:09] [68498ef5ac492] Найдено статей: 3
[2025-06-11 17:13:09] Ответ [68498ef5ac492] для action=get_posts: {"status":200,"success":true,"message":"Список статей получен","data_size":3,"time":"1.66ms"}
[2025-06-11 17:14:36] Начало обработки запроса [68498f4c05e98]
[2025-06-11 17:14:36] [68498f4c05e98] Подключение к БД
[2025-06-11 17:14:36] [68498f4c05e98] Подключение к БД успешно
[2025-06-11 17:14:36] [68498f4c05e98] Параметры запроса: action=get_posts, id=0
[2025-06-11 17:14:36] [68498f4c05e98] Получение списка статей
[2025-06-11 17:14:36] [68498f4c05e98] Найдено статей: 3
[2025-06-11 17:14:36] Ответ [68498f4c05e98] для action=get_posts: {"status":200,"success":true,"message":"Список статей получен","data_size":3,"time":"1.78ms"}
[2025-06-11 17:15:12] Начало обработки запроса [68498f70a6a30]
[2025-06-11 17:15:12] [68498f70a6a30] Подключение к БД
[2025-06-11 17:15:12] [68498f70a6a30] Подключение к БД успешно
[2025-06-11 17:15:12] [68498f70a6a30] Параметры запроса: action=get_posts, id=0
[2025-06-11 17:15:12] [68498f70a6a30] Получение списка статей
[2025-06-11 17:15:12] [68498f70a6a30] Найдено статей: 3
[2025-06-11 17:15:12] Ответ [68498f70a6a30] для action=get_posts: {"status":200,"success":true,"message":"Список статей получен","data_size":3,"time":"1.61ms"}
[2025-06-11 17:16:07] Начало обработки запроса [68498fa780663]
[2025-06-11 17:16:07] [68498fa780663] Подключение к БД
[2025-06-11 17:16:07] [68498fa780663] Подключение к БД успешно
[2025-06-11 17:16:07] [68498fa780663] Параметры запроса: action=, id=1
[2025-06-11 17:16:07] [68498fa780663] Неизвестный action: 
[2025-06-11 17:16:07] Ответ [68498fa780663] для action=: {"status":404,"success":false,"message":"Неизвестное действие","data_size":0,"time":"1.08ms"}
[2025-06-11 17:16:15] Начало обработки запроса [68498fafc50fe]
[2025-06-11 17:16:15] [68498fafc50fe] Подключение к БД
[2025-06-11 17:16:15] [68498fafc50fe] Подключение к БД успешно
[2025-06-11 17:16:15] [68498fafc50fe] Параметры запроса: action=get_post, id=1
[2025-06-11 17:16:15] [68498fafc50fe] Получение статьи ID: 1
[2025-06-11 17:16:15] [68498fafc50fe] Статья найдена: Новое осеннее меню в ресторане
[2025-06-11 17:16:15] Ответ [68498fafc50fe] для action=get_post: {"status":200,"success":true,"message":"Статья получена","data_size":5,"time":"1.91ms"}
[2025-06-11 17:18:57] Начало обработки запроса [68499051ddc52]
[2025-06-11 17:18:57] [68499051ddc52] Подключение к БД
[2025-06-11 17:18:57] [68499051ddc52] Подключение к БД успешно
[2025-06-11 17:18:57] [68499051ddc52] Параметры запроса: action=get_post, id=1
[2025-06-11 17:18:57] [68499051ddc52] Получение статьи ID: 1
[2025-06-11 17:18:57] [68499051ddc52] Статья найдена: Новое осеннее меню в ресторане
[2025-06-11 17:18:57] Ответ [68499051ddc52] для action=get_post: {"status":200,"success":true,"message":"Статья получена","data_size":5,"time":"1.67ms"}
[2025-06-11 17:19:00] Начало обработки запроса [684990543b482]
[2025-06-11 17:19:00] [684990543b482] Подключение к БД
[2025-06-11 17:19:00] [684990543b482] Подключение к БД успешно
[2025-06-11 17:19:00] [684990543b482] Параметры запроса: action=get_posts, id=0
[2025-06-11 17:19:00] [684990543b482] Получение списка статей
[2025-06-11 17:19:00] [684990543b482] Найдено статей: 3
[2025-06-11 17:19:00] Ответ [684990543b482] для action=get_posts: {"status":200,"success":true,"message":"Список статей получен","data_size":3,"time":"1.43ms"}
[2025-06-11 17:19:01] Начало обработки запроса [68499055a70ae]
[2025-06-11 17:19:01] [68499055a70ae] Подключение к БД
[2025-06-11 17:19:01] [68499055a70ae] Подключение к БД успешно
[2025-06-11 17:19:01] [68499055a70ae] Параметры запроса: action=get_post, id=1
[2025-06-11 17:19:01] [68499055a70ae] Получение статьи ID: 1
[2025-06-11 17:19:01] [68499055a70ae] Статья найдена: Новое осеннее меню в ресторане
[2025-06-11 17:19:01] Ответ [68499055a70ae] для action=get_post: {"status":200,"success":true,"message":"Статья получена","data_size":5,"time":"1.28ms"}
[2025-06-11 17:19:06] Начало обработки запроса [6849905a7a677]
[2025-06-11 17:19:06] [6849905a7a677] Подключение к БД
[2025-06-11 17:19:06] [6849905a7a677] Подключение к БД успешно
[2025-06-11 17:19:06] [6849905a7a677] Параметры запроса: action=get_post, id=1
[2025-06-11 17:19:06] [6849905a7a677] Получение статьи ID: 1
[2025-06-11 17:19:06] [6849905a7a677] Статья найдена: Новое осеннее меню в ресторане
[2025-06-11 17:19:06] Ответ [6849905a7a677] для action=get_post: {"status":200,"success":true,"message":"Статья получена","data_size":5,"time":"1.67ms"}
[2025-06-11 17:19:21] Начало обработки запроса [68499069527c6]
[2025-06-11 17:19:21] [68499069527c6] Подключение к БД
[2025-06-11 17:19:21] [68499069527c6] Подключение к БД успешно
[2025-06-11 17:19:21] [68499069527c6] Параметры запроса: action=get_posts, id=0
[2025-06-11 17:19:21] [68499069527c6] Получение списка статей
[2025-06-11 17:19:21] [68499069527c6] Найдено статей: 3
[2025-06-11 17:19:21] Ответ [68499069527c6] для action=get_posts: {"status":200,"success":true,"message":"Список статей получен","data_size":3,"time":"2.24ms"}
[2025-06-11 17:19:22] Начало обработки запроса [6849906aabc41]
[2025-06-11 17:19:22] [6849906aabc41] Подключение к БД
[2025-06-11 17:19:22] [6849906aabc41] Подключение к БД успешно
[2025-06-11 17:19:22] [6849906aabc41] Параметры запроса: action=get_post, id=2
[2025-06-11 17:19:22] [6849906aabc41] Получение статьи ID: 2
[2025-06-11 17:19:22] [6849906aabc41] Статья найдена: Открытие нового номера "Люкс"
[2025-06-11 17:19:22] Ответ [6849906aabc41] для action=get_post: {"status":200,"success":true,"message":"Статья получена","data_size":5,"time":"2.68ms"}
[2025-06-11 17:23:41] Начало обработки запроса [6849916d99d5a]
[2025-06-11 17:23:41] [6849916d99d5a] Подключение к БД
[2025-06-11 17:23:41] [6849916d99d5a] Подключение к БД успешно
[2025-06-11 17:23:41] [6849916d99d5a] Параметры запроса: action=get_posts, id=0
[2025-06-11 17:23:41] [6849916d99d5a] Получение списка статей
[2025-06-11 17:23:41] [6849916d99d5a] Найдено статей: 3
[2025-06-11 17:23:41] Ответ [6849916d99d5a] для action=get_posts: {"status":200,"success":true,"message":"Список статей получен","data_size":3,"time":"1.99ms"}
[2025-06-11 17:24:00] Начало обработки запроса [684991809b639]
[2025-06-11 17:24:00] [684991809b639] Подключение к БД
[2025-06-11 17:24:00] [684991809b639] Подключение к БД успешно
[2025-06-11 17:24:00] [684991809b639] Параметры запроса: action=get_post, id=2
[2025-06-11 17:24:00] [684991809b639] Получение статьи ID: 2
[2025-06-11 17:24:00] [684991809b639] Статья найдена: Открытие нового номера "Люкс"
[2025-06-11 17:24:00] Ответ [684991809b639] для action=get_post: {"status":200,"success":true,"message":"Статья получена","data_size":5,"time":"1.72ms"}
[2025-06-11 17:24:05] Начало обработки запроса [684991855bafa]
[2025-06-11 17:24:05] [684991855bafa] Подключение к БД
[2025-06-11 17:24:05] [684991855bafa] Подключение к БД успешно
[2025-06-11 17:24:05] [684991855bafa] Параметры запроса: action=get_posts, id=0
[2025-06-11 17:24:05] [684991855bafa] Получение списка статей
[2025-06-11 17:24:05] [684991855bafa] Найдено статей: 3
[2025-06-11 17:24:05] Ответ [684991855bafa] для action=get_posts: {"status":200,"success":true,"message":"Список статей получен","data_size":3,"time":"1.92ms"}
[2025-06-11 17:24:53] Начало обработки запроса [684991b582df5]
[2025-06-11 17:24:53] [684991b582df5] Подключение к БД
[2025-06-11 17:24:53] [684991b582df5] Подключение к БД успешно
[2025-06-11 17:24:53] [684991b582df5] Параметры запроса: action=get_posts, id=0
[2025-06-11 17:24:53] [684991b582df5] Получение списка статей
[2025-06-11 17:24:53] [684991b582df5] Найдено статей: 3
[2025-06-11 17:24:53] Ответ [684991b582df5] для action=get_posts: {"status":200,"success":true,"message":"Список статей получен","data_size":3,"time":"2.21ms"}
[2025-06-11 17:24:55] Начало обработки запроса [684991b7376aa]
[2025-06-11 17:24:55] [684991b7376aa] Подключение к БД
[2025-06-11 17:24:55] [684991b7376aa] Подключение к БД успешно
[2025-06-11 17:24:55] [684991b7376aa] Параметры запроса: action=get_post, id=1
[2025-06-11 17:24:55] [684991b7376aa] Получение статьи ID: 1
[2025-06-11 17:24:55] [684991b7376aa] Статья найдена: Новое осеннее меню в ресторане
[2025-06-11 17:24:55] Ответ [684991b7376aa] для action=get_post: {"status":200,"success":true,"message":"Статья получена","data_size":5,"time":"2.06ms"}
[2025-06-11 17:24:57] Начало обработки запроса [684991b9cf49c]
[2025-06-11 17:24:57] [684991b9cf49c] Подключение к БД
[2025-06-11 17:24:57] [684991b9cf49c] Подключение к БД успешно
[2025-06-11 17:24:57] [684991b9cf49c] Параметры запроса: action=get_posts, id=0
[2025-06-11 17:24:57] [684991b9cf49c] Получение списка статей
[2025-06-11 17:24:57] [684991b9cf49c] Найдено статей: 3
[2025-06-11 17:24:57] Ответ [684991b9cf49c] для action=get_posts: {"status":200,"success":true,"message":"Список статей получен","data_size":3,"time":"1.92ms"}
[2025-06-11 17:29:05] Начало обработки запроса [684992b1e434d]
[2025-06-11 17:29:05] [684992b1e434d] Подключение к БД
[2025-06-11 17:29:05] [684992b1e434d] Подключение к БД успешно
[2025-06-11 17:29:05] [684992b1e434d] Параметры запроса: action=get_posts, id=0
[2025-06-11 17:29:05] [684992b1e434d] Получение списка статей
[2025-06-11 17:29:05] [684992b1e434d] Найдено статей: 3
[2025-06-11 17:29:05] Ответ [684992b1e434d] для action=get_posts: {"status":200,"success":true,"message":"Список статей получен","data_size":3,"time":"1.97ms"}
[2025-06-11 17:29:19] Начало обработки запроса [684992bf2c5b9]
[2025-06-11 17:29:19] [684992bf2c5b9] Подключение к БД
[2025-06-11 17:29:19] [684992bf2c5b9] Подключение к БД успешно
[2025-06-11 17:29:19] [684992bf2c5b9] Параметры запроса: action=get_post, id=1
[2025-06-11 17:29:19] [684992bf2c5b9] Получение статьи ID: 1
[2025-06-11 17:29:19] [684992bf2c5b9] Статья найдена: Новое осеннее меню в ресторане
[2025-06-11 17:29:19] Ответ [684992bf2c5b9] для action=get_post: {"status":200,"success":true,"message":"Статья получена","data_size":5,"time":"1.68ms"}
[2025-06-11 17:29:20] Начало обработки запроса [684992c0d814f]
[2025-06-11 17:29:20] [684992c0d814f] Подключение к БД
[2025-06-11 17:29:20] [684992c0d814f] Подключение к БД успешно
[2025-06-11 17:29:20] [684992c0d814f] Параметры запроса: action=get_posts, id=0
[2025-06-11 17:29:20] [684992c0d814f] Получение списка статей
[2025-06-11 17:29:20] [684992c0d814f] Найдено статей: 3
[2025-06-11 17:29:20] Ответ [684992c0d814f] для action=get_posts: {"status":200,"success":true,"message":"Список статей получен","data_size":3,"time":"1.85ms"}
[2025-06-11 17:32:16] Начало обработки запроса [68499370753aa]
[2025-06-11 17:32:16] [68499370753aa] Подключение к БД
[2025-06-11 17:32:16] [68499370753aa] Подключение к БД успешно
[2025-06-11 17:32:16] [68499370753aa] Параметры запроса: action=get_posts, id=0
[2025-06-11 17:32:16] [68499370753aa] Получение списка статей
[2025-06-11 17:32:16] [68499370753aa] Найдено статей: 3
[2025-06-11 17:32:16] Ответ [68499370753aa] для action=get_posts: {"status":200,"success":true,"message":"Список статей получен","data_size":3,"time":"2.27ms"}
[2025-06-11 17:32:18] Начало обработки запроса [684993720cbc3]
[2025-06-11 17:32:18] [684993720cbc3] Подключение к БД
[2025-06-11 17:32:18] [684993720cbc3] Подключение к БД успешно
[2025-06-11 17:32:18] [684993720cbc3] Параметры запроса: action=get_post, id=1
[2025-06-11 17:32:18] [684993720cbc3] Получение статьи ID: 1
[2025-06-11 17:32:18] [684993720cbc3] Статья найдена: Новое осеннее меню в ресторане
[2025-06-11 17:32:18] Ответ [684993720cbc3] для action=get_post: {"status":200,"success":true,"message":"Статья получена","data_size":5,"time":"2.1ms"}
[2025-06-11 17:32:50] Начало обработки запроса [684993925ad70]
[2025-06-11 17:32:50] [684993925ad70] Подключение к БД
[2025-06-11 17:32:50] [684993925ad70] Подключение к БД успешно
[2025-06-11 17:32:50] [684993925ad70] Параметры запроса: action=get_post, id=1
[2025-06-11 17:32:50] [684993925ad70] Получение статьи ID: 1
[2025-06-11 17:32:50] [684993925ad70] Статья найдена: Новое осеннее меню в ресторане
[2025-06-11 17:32:50] Ответ [684993925ad70] для action=get_post: {"status":200,"success":true,"message":"Статья получена","data_size":5,"time":"2.59ms"}
[2025-06-11 17:32:51] Начало обработки запроса [68499393334c0]
[2025-06-11 17:32:51] [68499393334c0] Подключение к БД
[2025-06-11 17:32:51] [68499393334c0] Подключение к БД успешно
[2025-06-11 17:32:51] [68499393334c0] Параметры запроса: action=get_posts, id=0
[2025-06-11 17:32:51] [68499393334c0] Получение списка статей
[2025-06-11 17:32:51] [68499393334c0] Найдено статей: 3
[2025-06-11 17:32:51] Ответ [68499393334c0] для action=get_posts: {"status":200,"success":true,"message":"Список статей получен","data_size":3,"time":"2.75ms"}
[2025-06-11 17:32:59] Начало обработки запроса [6849939b78bbc]
[2025-06-11 17:32:59] [6849939b78bbc] Подключение к БД
[2025-06-11 17:32:59] [6849939b78bbc] Подключение к БД успешно
[2025-06-11 17:32:59] [6849939b78bbc] Параметры запроса: action=get_post, id=1
[2025-06-11 17:32:59] [6849939b78bbc] Получение статьи ID: 1
[2025-06-11 17:32:59] [6849939b78bbc] Статья найдена: Новое осеннее меню в ресторане
[2025-06-11 17:32:59] Ответ [6849939b78bbc] для action=get_post: {"status":200,"success":true,"message":"Статья получена","data_size":5,"time":"1.83ms"}
[2025-06-11 17:33:02] Начало обработки запроса [6849939e051e9]
[2025-06-11 17:33:02] [6849939e051e9] Подключение к БД
[2025-06-11 17:33:02] [6849939e051e9] Подключение к БД успешно
[2025-06-11 17:33:02] [6849939e051e9] Параметры запроса: action=get_posts, id=0
[2025-06-11 17:33:02] [6849939e051e9] Получение списка статей
[2025-06-11 17:33:02] [6849939e051e9] Найдено статей: 3
[2025-06-11 17:33:02] Ответ [6849939e051e9] для action=get_posts: {"status":200,"success":true,"message":"Список статей получен","data_size":3,"time":"2.27ms"}
[2025-06-11 17:33:04] Начало обработки запроса [684993a083114]
[2025-06-11 17:33:04] [684993a083114] Подключение к БД
[2025-06-11 17:33:04] [684993a083114] Подключение к БД успешно
[2025-06-11 17:33:04] [684993a083114] Параметры запроса: action=get_post, id=1
[2025-06-11 17:33:04] [684993a083114] Получение статьи ID: 1
[2025-06-11 17:33:04] [684993a083114] Статья найдена: Новое осеннее меню в ресторане
[2025-06-11 17:33:04] Ответ [684993a083114] для action=get_post: {"status":200,"success":true,"message":"Статья получена","data_size":5,"time":"1.78ms"}
[2025-06-11 17:33:06] Начало обработки запроса [684993a2cd554]
[2025-06-11 17:33:06] [684993a2cd554] Подключение к БД
[2025-06-11 17:33:06] [684993a2cd554] Подключение к БД успешно
[2025-06-11 17:33:06] [684993a2cd554] Параметры запроса: action=get_posts, id=0
[2025-06-11 17:33:06] [684993a2cd554] Получение списка статей
[2025-06-11 17:33:06] [684993a2cd554] Найдено статей: 3
[2025-06-11 17:33:06] Ответ [684993a2cd554] для action=get_posts: {"status":200,"success":true,"message":"Список статей получен","data_size":3,"time":"1.83ms"}
[2025-06-11 17:33:44] Начало обработки запроса [684993c894a9a]
[2025-06-11 17:33:44] [684993c894a9a] Подключение к БД
[2025-06-11 17:33:44] [684993c894a9a] Подключение к БД успешно
[2025-06-11 17:33:44] [684993c894a9a] Параметры запроса: action=get_post, id=1
[2025-06-11 17:33:44] [684993c894a9a] Получение статьи ID: 1
[2025-06-11 17:33:44] [684993c894a9a] Статья найдена: Новое осеннее меню в ресторане
[2025-06-11 17:33:44] Ответ [684993c894a9a] для action=get_post: {"status":200,"success":true,"message":"Статья получена","data_size":5,"time":"1.66ms"}
[2025-06-11 17:34:34] Начало обработки запроса [684993fa00217]
[2025-06-11 17:34:34] [684993fa00217] Подключение к БД
[2025-06-11 17:34:34] [684993fa00217] Подключение к БД успешно
[2025-06-11 17:34:34] [684993fa00217] Параметры запроса: action=get_post, id=1
[2025-06-11 17:34:34] [684993fa00217] Получение статьи ID: 1
[2025-06-11 17:34:34] [684993fa00217] Статья найдена: Новое осеннее меню в ресторане
[2025-06-11 17:34:34] Ответ [684993fa00217] для action=get_post: {"status":200,"success":true,"message":"Статья получена","data_size":5,"time":"2.55ms"}
[2025-06-11 17:34:42] Начало обработки запроса [684994024ebbf]
[2025-06-11 17:34:42] [684994024ebbf] Подключение к БД
[2025-06-11 17:34:42] [684994024ebbf] Подключение к БД успешно
[2025-06-11 17:34:42] [684994024ebbf] Параметры запроса: action=get_posts, id=0
[2025-06-11 17:34:42] [684994024ebbf] Получение списка статей
[2025-06-11 17:34:42] [684994024ebbf] Найдено статей: 3
[2025-06-11 17:34:42] Ответ [684994024ebbf] для action=get_posts: {"status":200,"success":true,"message":"Список статей получен","data_size":3,"time":"2.26ms"}
[2025-06-11 17:39:42] Начало обработки запроса [6849952e66707]
[2025-06-11 17:39:42] [6849952e66707] Подключение к БД
[2025-06-11 17:39:42] [6849952e66707] Подключение к БД успешно
[2025-06-11 17:39:42] [6849952e66707] Параметры запроса: action=get_posts, id=0
[2025-06-11 17:39:42] [6849952e66707] Получение списка статей
[2025-06-11 17:39:42] [6849952e66707] Найдено статей: 3
[2025-06-11 17:39:42] Ответ [6849952e66707] для action=get_posts: {"status":200,"success":true,"message":"Список статей получен","data_size":3,"time":"2.04ms"}
[2025-06-11 17:39:43] Начало обработки запроса [6849952f4c48d]
[2025-06-11 17:39:43] [6849952f4c48d] Подключение к БД
[2025-06-11 17:39:43] [6849952f4c48d] Подключение к БД успешно
[2025-06-11 17:39:43] [6849952f4c48d] Параметры запроса: action=get_post, id=1
[2025-06-11 17:39:43] [6849952f4c48d] Получение статьи ID: 1
[2025-06-11 17:39:43] [6849952f4c48d] Статья найдена: Новое осеннее меню в ресторане
[2025-06-11 17:39:43] Ответ [6849952f4c48d] для action=get_post: {"status":200,"success":true,"message":"Статья получена","data_size":5,"time":"1.64ms"}
[2025-06-11 17:39:45] Начало обработки запроса [68499531d319d]
[2025-06-11 17:39:45] [68499531d319d] Подключение к БД
[2025-06-11 17:39:45] [68499531d319d] Подключение к БД успешно
[2025-06-11 17:39:45] [68499531d319d] Параметры запроса: action=get_posts, id=0
[2025-06-11 17:39:45] [68499531d319d] Получение списка статей
[2025-06-11 17:39:45] [68499531d319d] Найдено статей: 3
[2025-06-11 17:39:45] Ответ [68499531d319d] для action=get_posts: {"status":200,"success":true,"message":"Список статей получен","data_size":3,"time":"1.83ms"}
[2025-06-11 17:39:46] Начало обработки запроса [68499532cec76]
[2025-06-11 17:39:46] [68499532cec76] Подключение к БД
[2025-06-11 17:39:46] [68499532cec76] Подключение к БД успешно
[2025-06-11 17:39:46] [68499532cec76] Параметры запроса: action=get_posts, id=0
[2025-06-11 17:39:46] [68499532cec76] Получение списка статей
[2025-06-11 17:39:46] [68499532cec76] Найдено статей: 3
[2025-06-11 17:39:46] Ответ [68499532cec76] для action=get_posts: {"status":200,"success":true,"message":"Список статей получен","data_size":3,"time":"2.37ms"}
[2025-06-11 17:39:46] Начало обработки запроса [68499532e7d79]
[2025-06-11 17:39:46] [68499532e7d79] Подключение к БД
[2025-06-11 17:39:46] [68499532e7d79] Подключение к БД успешно
[2025-06-11 17:39:46] [68499532e7d79] Параметры запроса: action=get_posts, id=0
[2025-06-11 17:39:46] [68499532e7d79] Получение списка статей
[2025-06-11 17:39:46] [68499532e7d79] Найдено статей: 3
[2025-06-11 17:39:46] Ответ [68499532e7d79] для action=get_posts: {"status":200,"success":true,"message":"Список статей получен","data_size":3,"time":"2.42ms"}
[2025-06-11 17:39:47] Начало обработки запроса [684995332fa12]
[2025-06-11 17:39:47] [684995332fa12] Подключение к БД
[2025-06-11 17:39:47] [684995332fa12] Подключение к БД успешно
[2025-06-11 17:39:47] [684995332fa12] Параметры запроса: action=get_posts, id=0
[2025-06-11 17:39:47] [684995332fa12] Получение списка статей
[2025-06-11 17:39:47] [684995332fa12] Найдено статей: 3
[2025-06-11 17:39:47] Ответ [684995332fa12] для action=get_posts: {"status":200,"success":true,"message":"Список статей получен","data_size":3,"time":"1.82ms"}
[2025-06-11 17:39:47] Начало обработки запроса [684995334d643]
[2025-06-11 17:39:47] [684995334d643] Подключение к БД
[2025-06-11 17:39:47] [684995334d643] Подключение к БД успешно
[2025-06-11 17:39:47] [684995334d643] Параметры запроса: action=get_posts, id=0
[2025-06-11 17:39:47] [684995334d643] Получение списка статей
[2025-06-11 17:39:47] [684995334d643] Найдено статей: 3
[2025-06-11 17:39:47] Ответ [684995334d643] для action=get_posts: {"status":200,"success":true,"message":"Список статей получен","data_size":3,"time":"2.39ms"}
[2025-06-11 17:39:47] Начало обработки запроса [684995337c4ad]
[2025-06-11 17:39:47] [684995337c4ad] Подключение к БД
[2025-06-11 17:39:47] [684995337c4ad] Подключение к БД успешно
[2025-06-11 17:39:47] [684995337c4ad] Параметры запроса: action=get_posts, id=0
[2025-06-11 17:39:47] [684995337c4ad] Получение списка статей
[2025-06-11 17:39:47] [684995337c4ad] Найдено статей: 3
[2025-06-11 17:39:47] Ответ [684995337c4ad] для action=get_posts: {"status":200,"success":true,"message":"Список статей получен","data_size":3,"time":"1.78ms"}
[2025-06-11 17:39:47] Начало обработки запроса [684995339c00c]
[2025-06-11 17:39:47] [684995339c00c] Подключение к БД
[2025-06-11 17:39:47] [684995339c00c] Подключение к БД успешно
[2025-06-11 17:39:47] [684995339c00c] Параметры запроса: action=get_posts, id=0
[2025-06-11 17:39:47] [684995339c00c] Получение списка статей
[2025-06-11 17:39:47] [684995339c00c] Найдено статей: 3
[2025-06-11 17:39:47] Ответ [684995339c00c] для action=get_posts: {"status":200,"success":true,"message":"Список статей получен","data_size":3,"time":"2.05ms"}
[2025-06-11 17:39:47] Начало обработки запроса [68499533da7c8]
[2025-06-11 17:39:47] [68499533da7c8] Подключение к БД
[2025-06-11 17:39:47] [68499533da7c8] Подключение к БД успешно
[2025-06-11 17:39:47] [68499533da7c8] Параметры запроса: action=get_posts, id=0
[2025-06-11 17:39:47] [68499533da7c8] Получение списка статей
[2025-06-11 17:39:47] [68499533da7c8] Найдено статей: 3
[2025-06-11 17:39:47] Ответ [68499533da7c8] для action=get_posts: {"status":200,"success":true,"message":"Список статей получен","data_size":3,"time":"1.83ms"}
[2025-06-11 17:39:49] Начало обработки запроса [684995353bd25]
[2025-06-11 17:39:49] [684995353bd25] Подключение к БД
[2025-06-11 17:39:49] [684995353bd25] Подключение к БД успешно
[2025-06-11 17:39:49] [684995353bd25] Параметры запроса: action=get_post, id=1
[2025-06-11 17:39:49] [684995353bd25] Получение статьи ID: 1
[2025-06-11 17:39:49] [684995353bd25] Статья найдена: Новое осеннее меню в ресторане
[2025-06-11 17:39:49] Ответ [684995353bd25] для action=get_post: {"status":200,"success":true,"message":"Статья получена","data_size":5,"time":"2.16ms"}
[2025-06-11 17:39:50] Начало обработки запроса [68499536c7771]
[2025-06-11 17:39:50] [68499536c7771] Подключение к БД
[2025-06-11 17:39:50] [68499536c7771] Подключение к БД успешно
[2025-06-11 17:39:50] [68499536c7771] Параметры запроса: action=get_posts, id=0
[2025-06-11 17:39:50] [68499536c7771] Получение списка статей
[2025-06-11 17:39:50] [68499536c7771] Найдено статей: 3
[2025-06-11 17:39:50] Ответ [68499536c7771] для action=get_posts: {"status":200,"success":true,"message":"Список статей получен","data_size":3,"time":"1.87ms"}
[2025-06-11 17:42:34] Начало обработки запроса [684995dab3deb]
[2025-06-11 17:42:34] [684995dab3deb] Подключение к БД
[2025-06-11 17:42:34] [684995dab3deb] Подключение к БД успешно
[2025-06-11 17:42:34] [684995dab3deb] Параметры запроса: action=get_posts, id=0
[2025-06-11 17:42:34] [684995dab3deb] Получение списка статей
[2025-06-11 17:42:34] [684995dab3deb] Найдено статей: 3
[2025-06-11 17:42:34] Ответ [684995dab3deb] для action=get_posts: {"status":200,"success":true,"message":"Список статей получен","data_size":3,"time":"1.93ms"}
[2025-06-11 17:42:36] Начало обработки запроса [684995dc392cc]
[2025-06-11 17:42:36] [684995dc392cc] Подключение к БД
[2025-06-11 17:42:36] [684995dc392cc] Подключение к БД успешно
[2025-06-11 17:42:36] [684995dc392cc] Параметры запроса: action=get_post, id=1
[2025-06-11 17:42:36] [684995dc392cc] Получение статьи ID: 1
[2025-06-11 17:42:36] [684995dc392cc] Статья найдена: Новое осеннее меню в ресторане
[2025-06-11 17:42:36] Ответ [684995dc392cc] для action=get_post: {"status":200,"success":true,"message":"Статья получена","data_size":6,"time":"2.42ms"}
[2025-06-11 17:42:53] Начало обработки запроса [684995ed8c776]
[2025-06-11 17:42:53] [684995ed8c776] Подключение к БД
[2025-06-11 17:42:53] [684995ed8c776] Подключение к БД успешно
[2025-06-11 17:42:53] [684995ed8c776] Параметры запроса: action=get_post, id=1
[2025-06-11 17:42:53] [684995ed8c776] Получение статьи ID: 1
[2025-06-11 17:42:53] [684995ed8c776] Статья найдена: Новое осеннее меню в ресторане
[2025-06-11 17:42:53] Ответ [684995ed8c776] для action=get_post: {"status":200,"success":true,"message":"Статья получена","data_size":6,"time":"2.44ms"}
[2025-06-11 17:42:59] Начало обработки запроса [684995f36d9e5]
[2025-06-11 17:42:59] [684995f36d9e5] Подключение к БД
[2025-06-11 17:42:59] [684995f36d9e5] Подключение к БД успешно
[2025-06-11 17:42:59] [684995f36d9e5] Параметры запроса: action=get_posts, id=0
[2025-06-11 17:42:59] [684995f36d9e5] Получение списка статей
[2025-06-11 17:42:59] [684995f36d9e5] Найдено статей: 3
[2025-06-11 17:42:59] Ответ [684995f36d9e5] для action=get_posts: {"status":200,"success":true,"message":"Список статей получен","data_size":3,"time":"1.83ms"}
[2025-06-11 17:43:20] Начало обработки запроса [684996084720a]
[2025-06-11 17:43:20] [684996084720a] Подключение к БД
[2025-06-11 17:43:20] [684996084720a] Подключение к БД успешно
[2025-06-11 17:43:20] [684996084720a] Параметры запроса: action=get_post, id=3
[2025-06-11 17:43:20] [684996084720a] Получение статьи ID: 3
[2025-06-11 17:43:20] [684996084720a] Статья найдена: Выставка местных художников
[2025-06-11 17:43:20] Ответ [684996084720a] для action=get_post: {"status":200,"success":true,"message":"Статья получена","data_size":6,"time":"1.89ms"}
[2025-06-11 17:43:22] Начало обработки запроса [6849960a1b13c]
[2025-06-11 17:43:22] [6849960a1b13c] Подключение к БД
[2025-06-11 17:43:22] [6849960a1b13c] Подключение к БД успешно
[2025-06-11 17:43:22] [6849960a1b13c] Параметры запроса: action=get_posts, id=0
[2025-06-11 17:43:22] [6849960a1b13c] Получение списка статей
[2025-06-11 17:43:22] [6849960a1b13c] Найдено статей: 3
[2025-06-11 17:43:22] Ответ [6849960a1b13c] для action=get_posts: {"status":200,"success":true,"message":"Список статей получен","data_size":3,"time":"2.04ms"}
[2025-06-11 17:43:59] Начало обработки запроса [6849962f5ecaf]
[2025-06-11 17:43:59] [6849962f5ecaf] Подключение к БД
[2025-06-11 17:43:59] [6849962f5ecaf] Подключение к БД успешно
[2025-06-11 17:43:59] [6849962f5ecaf] Параметры запроса: action=get_posts, id=0
[2025-06-11 17:43:59] [6849962f5ecaf] Получение списка статей
[2025-06-11 17:43:59] [6849962f5ecaf] Найдено статей: 3
[2025-06-11 17:43:59] Ответ [6849962f5ecaf] для action=get_posts: {"status":200,"success":true,"message":"Список статей получен","data_size":3,"time":"2.34ms"}
[2025-06-11 17:44:53] Начало обработки запроса [6849966553269]
[2025-06-11 17:44:53] [6849966553269] Подключение к БД
[2025-06-11 17:44:53] [6849966553269] Подключение к БД успешно
[2025-06-11 17:44:53] [6849966553269] Параметры запроса: action=get_posts, id=0
[2025-06-11 17:44:53] [6849966553269] Получение списка статей
[2025-06-11 17:44:53] [6849966553269] Найдено статей: 3
[2025-06-11 17:44:53] Ответ [6849966553269] для action=get_posts: {"status":200,"success":true,"message":"Список статей получен","data_size":3,"time":"1.84ms"}
[2025-06-11 17:45:28] Начало обработки запроса [68499688a28e3]
[2025-06-11 17:45:28] [68499688a28e3] Подключение к БД
[2025-06-11 17:45:28] [68499688a28e3] Подключение к БД успешно
[2025-06-11 17:45:28] [68499688a28e3] Параметры запроса: action=get_posts, id=0
[2025-06-11 17:45:28] [68499688a28e3] Получение списка статей
[2025-06-11 17:45:28] [68499688a28e3] Найдено статей: 3
[2025-06-11 17:45:28] Ответ [68499688a28e3] для action=get_posts: {"status":200,"success":true,"message":"Список статей получен","data_size":3,"time":"1.91ms"}
[2025-06-11 17:45:46] Начало обработки запроса [6849969a64fbb]
[2025-06-11 17:45:46] [6849969a64fbb] Подключение к БД
[2025-06-11 17:45:46] [6849969a64fbb] Подключение к БД успешно
[2025-06-11 17:45:46] [6849969a64fbb] Параметры запроса: action=get_posts, id=0
[2025-06-11 17:45:46] [6849969a64fbb] Получение списка статей
[2025-06-11 17:45:46] [6849969a64fbb] Найдено статей: 3
[2025-06-11 17:45:46] Ответ [6849969a64fbb] для action=get_posts: {"status":200,"success":true,"message":"Список статей получен","data_size":3,"time":"1.79ms"}
[2025-06-11 17:45:56] Начало обработки запроса [684996a4a057c]
[2025-06-11 17:45:56] [684996a4a057c] Подключение к БД
[2025-06-11 17:45:56] [684996a4a057c] Подключение к БД успешно
[2025-06-11 17:45:56] [684996a4a057c] Параметры запроса: action=get_posts, id=0
[2025-06-11 17:45:56] [684996a4a057c] Получение списка статей
[2025-06-11 17:45:56] [684996a4a057c] Найдено статей: 3
[2025-06-11 17:45:56] Ответ [684996a4a057c] для action=get_posts: {"status":200,"success":true,"message":"Список статей получен","data_size":3,"time":"1.46ms"}
[2025-06-11 17:45:58] Начало обработки запроса [684996a627600]
[2025-06-11 17:45:58] [684996a627600] Подключение к БД
[2025-06-11 17:45:58] [684996a627600] Подключение к БД успешно
[2025-06-11 17:45:58] [684996a627600] Параметры запроса: action=get_posts, id=0
[2025-06-11 17:45:58] [684996a627600] Получение списка статей
[2025-06-11 17:45:58] [684996a627600] Найдено статей: 3
[2025-06-11 17:45:58] Ответ [684996a627600] для action=get_posts: {"status":200,"success":true,"message":"Список статей получен","data_size":3,"time":"1.68ms"}
[2025-06-11 17:46:23] Начало обработки запроса [684996bfe94e8]
[2025-06-11 17:46:23] [684996bfe94e8] Подключение к БД
[2025-06-11 17:46:23] [684996bfe94e8] Подключение к БД успешно
[2025-06-11 17:46:23] [684996bfe94e8] Параметры запроса: action=get_posts, id=0
[2025-06-11 17:46:23] [684996bfe94e8] Получение списка статей
[2025-06-11 17:46:23] [684996bfe94e8] Найдено статей: 3
[2025-06-11 17:46:23] Ответ [684996bfe94e8] для action=get_posts: {"status":200,"success":true,"message":"Список статей получен","data_size":3,"time":"1.62ms"}
[2025-06-11 17:46:39] Начало обработки запроса [684996cfbe6ed]
[2025-06-11 17:46:39] [684996cfbe6ed] Подключение к БД
[2025-06-11 17:46:39] [684996cfbe6ed] Подключение к БД успешно
[2025-06-11 17:46:39] [684996cfbe6ed] Параметры запроса: action=get_posts, id=0
[2025-06-11 17:46:39] [684996cfbe6ed] Получение списка статей
[2025-06-11 17:46:39] [684996cfbe6ed] Найдено статей: 3
[2025-06-11 17:46:39] Ответ [684996cfbe6ed] для action=get_posts: {"status":200,"success":true,"message":"Список статей получен","data_size":3,"time":"1.6ms"}
[2025-06-11 17:46:46] Начало обработки запроса [684996d60fdc2]
[2025-06-11 17:46:46] [684996d60fdc2] Подключение к БД
[2025-06-11 17:46:46] [684996d60fdc2] Подключение к БД успешно
[2025-06-11 17:46:46] [684996d60fdc2] Параметры запроса: action=get_post, id=1
[2025-06-11 17:46:46] [684996d60fdc2] Получение статьи ID: 1
[2025-06-11 17:46:46] [684996d60fdc2] Статья найдена: Новое осеннее меню в ресторане
[2025-06-11 17:46:46] Ответ [684996d60fdc2] для action=get_post: {"status":200,"success":true,"message":"Статья получена","data_size":6,"time":"1.77ms"}
[2025-06-11 17:47:54] Начало обработки запроса [6849971a40efb]
[2025-06-11 17:47:54] [6849971a40efb] Подключение к БД
[2025-06-11 17:47:54] [6849971a40efb] Подключение к БД успешно
[2025-06-11 17:47:54] [6849971a40efb] Параметры запроса: action=get_posts, id=0
[2025-06-11 17:47:54] [6849971a40efb] Получение списка статей
[2025-06-11 17:47:54] [6849971a40efb] Найдено статей: 3
[2025-06-11 17:47:54] Ответ [6849971a40efb] для action=get_posts: {"status":200,"success":true,"message":"Список статей получен","data_size":3,"time":"1.81ms"}
[2025-06-11 17:48:12] Начало обработки запроса [6849972c55ee6]
[2025-06-11 17:48:12] [6849972c55ee6] Подключение к БД
[2025-06-11 17:48:12] [6849972c55ee6] Подключение к БД успешно
[2025-06-11 17:48:12] [6849972c55ee6] Параметры запроса: action=get_posts, id=0
[2025-06-11 17:48:12] [6849972c55ee6] Получение списка статей
[2025-06-11 17:48:12] [6849972c55ee6] Найдено статей: 3
[2025-06-11 17:48:12] Ответ [6849972c55ee6] для action=get_posts: {"status":200,"success":true,"message":"Список статей получен","data_size":3,"time":"1.79ms"}
[2025-06-11 17:48:43] Начало обработки запроса [6849974b8e446]
[2025-06-11 17:48:43] [6849974b8e446] Подключение к БД
[2025-06-11 17:48:43] [6849974b8e446] Подключение к БД успешно
[2025-06-11 17:48:43] [6849974b8e446] Параметры запроса: action=get_post, id=1
[2025-06-11 17:48:43] [6849974b8e446] Получение статьи ID: 1
[2025-06-11 17:48:43] [6849974b8e446] Статья найдена: Новое осеннее меню в ресторане
[2025-06-11 17:48:43] Ответ [6849974b8e446] для action=get_post: {"status":200,"success":true,"message":"Статья получена","data_size":6,"time":"1.88ms"}
[2025-06-11 17:50:21] Начало обработки запроса [684997ad60243]
[2025-06-11 17:50:21] [684997ad60243] Подключение к БД
[2025-06-11 17:50:21] [684997ad60243] Подключение к БД успешно
[2025-06-11 17:50:21] [684997ad60243] Параметры запроса: action=get_posts, id=0
[2025-06-11 17:50:21] [684997ad60243] Получение списка статей
[2025-06-11 17:50:21] [684997ad60243] Найдено статей: 3
[2025-06-11 17:50:21] Ответ [684997ad60243] для action=get_posts: {"status":200,"success":true,"message":"Список статей получен","data_size":3,"time":"2.54ms"}
[2025-06-11 17:51:46] Начало обработки запроса [684998027e55c]
[2025-06-11 17:51:46] [684998027e55c] Подключение к БД
[2025-06-11 17:51:46] [684998027e55c] Подключение к БД успешно
[2025-06-11 17:51:46] [684998027e55c] Параметры запроса: action=get_posts, id=0
[2025-06-11 17:51:46] [684998027e55c] Получение списка статей
[2025-06-11 17:51:46] [684998027e55c] Найдено статей: 3
[2025-06-11 17:51:46] Ответ [684998027e55c] для action=get_posts: {"status":200,"success":true,"message":"Список статей получен","data_size":3,"time":"2.02ms"}
[2025-06-11 17:52:33] Начало обработки запроса [6849983139bea]
[2025-06-11 17:52:33] [6849983139bea] Подключение к БД
[2025-06-11 17:52:33] [6849983139bea] Подключение к БД успешно
[2025-06-11 17:52:33] [6849983139bea] Параметры запроса: action=get_posts, id=0
[2025-06-11 17:52:33] [6849983139bea] Получение списка статей
[2025-06-11 17:52:33] [6849983139bea] Найдено статей: 3
[2025-06-11 17:52:33] Ответ [6849983139bea] для action=get_posts: {"status":200,"success":true,"message":"Список статей получен","data_size":3,"time":"1.59ms"}
[2025-06-11 17:52:43] Начало обработки запроса [6849983b65f46]
[2025-06-11 17:52:43] [6849983b65f46] Подключение к БД
[2025-06-11 17:52:43] [6849983b65f46] Подключение к БД успешно
[2025-06-11 17:52:43] [6849983b65f46] Параметры запроса: action=get_posts, id=0
[2025-06-11 17:52:43] [6849983b65f46] Получение списка статей
[2025-06-11 17:52:43] [6849983b65f46] Найдено статей: 3
[2025-06-11 17:52:43] Ответ [6849983b65f46] для action=get_posts: {"status":200,"success":true,"message":"Список статей получен","data_size":3,"time":"2.44ms"}
[2025-06-11 17:52:58] Начало обработки запроса [6849984a7d4aa]
[2025-06-11 17:52:58] [6849984a7d4aa] Подключение к БД
[2025-06-11 17:52:58] [6849984a7d4aa] Подключение к БД успешно
[2025-06-11 17:52:58] [6849984a7d4aa] Параметры запроса: action=get_posts, id=0
[2025-06-11 17:52:58] [6849984a7d4aa] Получение списка статей
[2025-06-11 17:52:58] [6849984a7d4aa] Найдено статей: 3
[2025-06-11 17:52:58] Ответ [6849984a7d4aa] для action=get_posts: {"status":200,"success":true,"message":"Список статей получен","data_size":3,"time":"2.11ms"}
[2025-06-11 17:53:02] Начало обработки запроса [6849984ef22e1]
[2025-06-11 17:53:02] [6849984ef22e1] Подключение к БД
[2025-06-11 17:53:02] [6849984ef22e1] Подключение к БД успешно
[2025-06-11 17:53:02] [6849984ef22e1] Параметры запроса: action=get_posts, id=0
[2025-06-11 17:53:02] [6849984ef22e1] Получение списка статей
[2025-06-11 17:53:02] [6849984ef22e1] Найдено статей: 3
[2025-06-11 17:53:02] Ответ [6849984ef22e1] для action=get_posts: {"status":200,"success":true,"message":"Список статей получен","data_size":3,"time":"1.85ms"}
[2025-06-11 17:53:18] Начало обработки запроса [6849985ee17b7]
[2025-06-11 17:53:18] [6849985ee17b7] Подключение к БД
[2025-06-11 17:53:18] [6849985ee17b7] Подключение к БД успешно
[2025-06-11 17:53:18] [6849985ee17b7] Параметры запроса: action=get_posts, id=0
[2025-06-11 17:53:18] [6849985ee17b7] Получение списка статей
[2025-06-11 17:53:18] [6849985ee17b7] Найдено статей: 3
[2025-06-11 17:53:18] Ответ [6849985ee17b7] для action=get_posts: {"status":200,"success":true,"message":"Список статей получен","data_size":3,"time":"2.67ms"}
[2025-06-11 17:53:21] Начало обработки запроса [68499861c58a1]
[2025-06-11 17:53:21] [68499861c58a1] Подключение к БД
[2025-06-11 17:53:21] [68499861c58a1] Подключение к БД успешно
[2025-06-11 17:53:21] [68499861c58a1] Параметры запроса: action=get_posts, id=0
[2025-06-11 17:53:21] [68499861c58a1] Получение списка статей
[2025-06-11 17:53:21] [68499861c58a1] Найдено статей: 3
[2025-06-11 17:53:21] Ответ [68499861c58a1] для action=get_posts: {"status":200,"success":true,"message":"Список статей получен","data_size":3,"time":"1.67ms"}
[2025-06-11 17:53:55] Начало обработки запроса [68499883b16c8]
[2025-06-11 17:53:55] [68499883b16c8] Подключение к БД
[2025-06-11 17:53:55] [68499883b16c8] Подключение к БД успешно
[2025-06-11 17:53:55] [68499883b16c8] Параметры запроса: action=get_posts, id=0
[2025-06-11 17:53:55] [68499883b16c8] Получение списка статей
[2025-06-11 17:53:55] [68499883b16c8] Найдено статей: 3
[2025-06-11 17:53:55] Ответ [68499883b16c8] для action=get_posts: {"status":200,"success":true,"message":"Список статей получен","data_size":3,"time":"2.78ms"}
[2025-06-11 17:54:12] Начало обработки запроса [6849989415db8]
[2025-06-11 17:54:12] [6849989415db8] Подключение к БД
[2025-06-11 17:54:12] [6849989415db8] Подключение к БД успешно
[2025-06-11 17:54:12] [6849989415db8] Параметры запроса: action=get_posts, id=0
[2025-06-11 17:54:12] [6849989415db8] Получение списка статей
[2025-06-11 17:54:12] [6849989415db8] Найдено статей: 3
[2025-06-11 17:54:12] Ответ [6849989415db8] для action=get_posts: {"status":200,"success":true,"message":"Список статей получен","data_size":3,"time":"2.66ms"}
[2025-06-11 17:55:06] Начало обработки запроса [684998ca4fd79]
[2025-06-11 17:55:06] [684998ca4fd79] Подключение к БД
[2025-06-11 17:55:06] [684998ca4fd79] Подключение к БД успешно
[2025-06-11 17:55:06] [684998ca4fd79] Параметры запроса: action=get_posts, id=0
[2025-06-11 17:55:06] [684998ca4fd79] Получение списка статей
[2025-06-11 17:55:06] [684998ca4fd79] Найдено статей: 3
[2025-06-11 17:55:06] Ответ [684998ca4fd79] для action=get_posts: {"status":200,"success":true,"message":"Список статей получен","data_size":3,"time":"2.51ms"}
[2025-06-11 17:55:09] Начало обработки запроса [684998cd3dddf]
[2025-06-11 17:55:09] [684998cd3dddf] Подключение к БД
[2025-06-11 17:55:09] [684998cd3dddf] Подключение к БД успешно
[2025-06-11 17:55:09] [684998cd3dddf] Параметры запроса: action=get_post, id=2
[2025-06-11 17:55:09] [684998cd3dddf] Получение статьи ID: 2
[2025-06-11 17:55:09] [684998cd3dddf] Статья найдена: Открытие нового номера "Люкс"
[2025-06-11 17:55:09] Ответ [684998cd3dddf] для action=get_post: {"status":200,"success":true,"message":"Статья получена","data_size":6,"time":"2.74ms"}
[2025-06-11 17:55:12] Начало обработки запроса [684998d0706bf]
[2025-06-11 17:55:12] [684998d0706bf] Подключение к БД
[2025-06-11 17:55:12] [684998d0706bf] Подключение к БД успешно
[2025-06-11 17:55:12] [684998d0706bf] Параметры запроса: action=get_posts, id=0
[2025-06-11 17:55:12] [684998d0706bf] Получение списка статей
[2025-06-11 17:55:12] [684998d0706bf] Найдено статей: 3
[2025-06-11 17:55:12] Ответ [684998d0706bf] для action=get_posts: {"status":200,"success":true,"message":"Список статей получен","data_size":3,"time":"2.67ms"}
[2025-06-11 17:55:14] Начало обработки запроса [684998d25e0fe]
[2025-06-11 17:55:14] [684998d25e0fe] Подключение к БД
[2025-06-11 17:55:14] [684998d25e0fe] Подключение к БД успешно
[2025-06-11 17:55:14] [684998d25e0fe] Параметры запроса: action=get_post, id=2
[2025-06-11 17:55:14] [684998d25e0fe] Получение статьи ID: 2
[2025-06-11 17:55:14] [684998d25e0fe] Статья найдена: Открытие нового номера "Люкс"
[2025-06-11 17:55:14] Ответ [684998d25e0fe] для action=get_post: {"status":200,"success":true,"message":"Статья получена","data_size":6,"time":"1.7ms"}
[2025-06-11 17:55:19] Начало обработки запроса [684998d7a5f3c]
[2025-06-11 17:55:19] [684998d7a5f3c] Подключение к БД
[2025-06-11 17:55:19] [684998d7a5f3c] Подключение к БД успешно
[2025-06-11 17:55:19] [684998d7a5f3c] Параметры запроса: action=get_posts, id=0
[2025-06-11 17:55:19] [684998d7a5f3c] Получение списка статей
[2025-06-11 17:55:19] [684998d7a5f3c] Найдено статей: 3
[2025-06-11 17:55:19] Ответ [684998d7a5f3c] для action=get_posts: {"status":200,"success":true,"message":"Список статей получен","data_size":3,"time":"1.79ms"}
[2025-06-11 17:55:20] Начало обработки запроса [684998d8f3ad0]
[2025-06-11 17:55:20] [684998d8f3ad0] Подключение к БД
[2025-06-11 17:55:20] [684998d8f3ad0] Подключение к БД успешно
[2025-06-11 17:55:20] [684998d8f3ad0] Параметры запроса: action=get_post, id=1
[2025-06-11 17:55:20] [684998d8f3ad0] Получение статьи ID: 1
[2025-06-11 17:55:20] [684998d8f3ad0] Статья найдена: Новое осеннее меню в ресторане
[2025-06-11 17:55:20] Ответ [684998d8f3ad0] для action=get_post: {"status":200,"success":true,"message":"Статья получена","data_size":6,"time":"1.72ms"}
[2025-06-11 17:55:28] Начало обработки запроса [684998e06c20c]
[2025-06-11 17:55:28] [684998e06c20c] Подключение к БД
[2025-06-11 17:55:28] [684998e06c20c] Подключение к БД успешно
[2025-06-11 17:55:28] [684998e06c20c] Параметры запроса: action=get_post, id=1
[2025-06-11 17:55:28] [684998e06c20c] Получение статьи ID: 1
[2025-06-11 17:55:28] [684998e06c20c] Статья найдена: Новое осеннее меню в ресторане
[2025-06-11 17:55:28] Ответ [684998e06c20c] для action=get_post: {"status":200,"success":true,"message":"Статья получена","data_size":6,"time":"2.58ms"}
[2025-06-11 18:02:28] Начало обработки запроса [68499a84c786d]
[2025-06-11 18:02:28] [68499a84c786d] Подключение к БД
[2025-06-11 18:02:28] [68499a84c786d] Подключение к БД успешно
[2025-06-11 18:02:28] [68499a84c786d] Параметры запроса: action=get_posts, id=0
[2025-06-11 18:02:28] [68499a84c786d] Получение списка статей
[2025-06-11 18:02:28] [68499a84c786d] Найдено статей: 3
[2025-06-11 18:02:28] Ответ [68499a84c786d] для action=get_posts: {"status":200,"success":true,"message":"Список статей получен","data_size":3,"time":"1.63ms"}
[2025-06-11 18:02:32] Начало обработки запроса [68499a8814178]
[2025-06-11 18:02:32] [68499a8814178] Подключение к БД
[2025-06-11 18:02:32] [68499a8814178] Подключение к БД успешно
[2025-06-11 18:02:32] [68499a8814178] Параметры запроса: action=get_post, id=1
[2025-06-11 18:02:32] [68499a8814178] Получение статьи ID: 1
[2025-06-11 18:02:32] [68499a8814178] Статья найдена: Новое осеннее меню в ресторане
[2025-06-11 18:02:32] Ответ [68499a8814178] для action=get_post: {"status":200,"success":true,"message":"Статья получена","data_size":6,"time":"2.56ms"}
[2025-06-11 18:02:34] Начало обработки запроса [68499a8a08655]
[2025-06-11 18:02:34] [68499a8a08655] Подключение к БД
[2025-06-11 18:02:34] [68499a8a08655] Подключение к БД успешно
[2025-06-11 18:02:34] [68499a8a08655] Параметры запроса: action=get_posts, id=0
[2025-06-11 18:02:34] [68499a8a08655] Получение списка статей
[2025-06-11 18:02:34] [68499a8a08655] Найдено статей: 3
[2025-06-11 18:02:34] Ответ [68499a8a08655] для action=get_posts: {"status":200,"success":true,"message":"Список статей получен","data_size":3,"time":"2.57ms"}
[2025-06-11 18:02:46] Начало обработки запроса [68499a96508ab]
[2025-06-11 18:02:46] [68499a96508ab] Подключение к БД
[2025-06-11 18:02:46] [68499a96508ab] Подключение к БД успешно
[2025-06-11 18:02:46] [68499a96508ab] Параметры запроса: action=get_post, id=1
[2025-06-11 18:02:46] [68499a96508ab] Получение статьи ID: 1
[2025-06-11 18:02:46] [68499a96508ab] Статья найдена: Новое осеннее меню в ресторане
[2025-06-11 18:02:46] Ответ [68499a96508ab] для action=get_post: {"status":200,"success":true,"message":"Статья получена","data_size":6,"time":"2.26ms"}
[2025-06-11 18:02:52] Начало обработки запроса [68499a9c8cf96]
[2025-06-11 18:02:52] [68499a9c8cf96] Подключение к БД
[2025-06-11 18:02:52] [68499a9c8cf96] Подключение к БД успешно
[2025-06-11 18:02:52] [68499a9c8cf96] Параметры запроса: action=get_post, id=1
[2025-06-11 18:02:52] [68499a9c8cf96] Получение статьи ID: 1
[2025-06-11 18:02:52] [68499a9c8cf96] Статья найдена: Новое осеннее меню в ресторане
[2025-06-11 18:02:52] Ответ [68499a9c8cf96] для action=get_post: {"status":200,"success":true,"message":"Статья получена","data_size":6,"time":"1.4ms"}
[2025-06-11 18:08:34] Начало обработки запроса [68499bf2b93cc]
[2025-06-11 18:08:34] [68499bf2b93cc] Подключение к БД
[2025-06-11 18:08:34] [68499bf2b93cc] Подключение к БД успешно
[2025-06-11 18:08:34] [68499bf2b93cc] Параметры запроса: action=get_post, id=1
[2025-06-11 18:08:34] [68499bf2b93cc] Получение статьи ID: 1
[2025-06-11 18:08:34] [68499bf2b93cc] Статья найдена: Новое осеннее меню в ресторане
[2025-06-11 18:08:34] Ответ [68499bf2b93cc] для action=get_post: {"status":200,"success":true,"message":"Статья получена","data_size":6,"time":"1.8ms"}
[2025-06-11 18:08:39] Начало обработки запроса [68499bf7a016a]
[2025-06-11 18:08:39] [68499bf7a016a] Подключение к БД
[2025-06-11 18:08:39] [68499bf7a016a] Подключение к БД успешно
[2025-06-11 18:08:39] [68499bf7a016a] Параметры запроса: action=get_posts, id=0
[2025-06-11 18:08:39] [68499bf7a016a] Получение списка статей
[2025-06-11 18:08:39] [68499bf7a016a] Найдено статей: 3
[2025-06-11 18:08:39] Ответ [68499bf7a016a] для action=get_posts: {"status":200,"success":true,"message":"Список статей получен","data_size":3,"time":"1.8ms"}
[2025-06-11 18:10:13] Начало обработки запроса [68499c55e776d]
[2025-06-11 18:10:13] [68499c55e776d] Подключение к БД
[2025-06-11 18:10:13] [68499c55e776d] Подключение к БД успешно
[2025-06-11 18:10:13] [68499c55e776d] Параметры запроса: action=get_posts, id=0
[2025-06-11 18:10:13] [68499c55e776d] Получение списка статей
[2025-06-11 18:10:13] [68499c55e776d] Найдено статей: 3
[2025-06-11 18:10:13] Ответ [68499c55e776d] для action=get_posts: {"status":200,"success":true,"message":"Список статей получен","data_size":3,"time":"1.68ms"}
[2025-06-11 18:10:30] Начало обработки запроса [68499c663f1bb]
[2025-06-11 18:10:30] [68499c663f1bb] Подключение к БД
[2025-06-11 18:10:30] [68499c663f1bb] Подключение к БД успешно
[2025-06-11 18:10:30] [68499c663f1bb] Параметры запроса: action=get_post, id=1
[2025-06-11 18:10:30] [68499c663f1bb] Получение статьи ID: 1
[2025-06-11 18:10:30] [68499c663f1bb] Статья найдена: Новое осеннее меню в ресторане
[2025-06-11 18:10:30] Ответ [68499c663f1bb] для action=get_post: {"status":200,"success":true,"message":"Статья получена","data_size":6,"time":"1.7ms"}
[2025-06-11 18:10:32] Начало обработки запроса [68499c683038c]
[2025-06-11 18:10:32] [68499c683038c] Подключение к БД
[2025-06-11 18:10:32] [68499c683038c] Подключение к БД успешно
[2025-06-11 18:10:32] [68499c683038c] Параметры запроса: action=get_posts, id=0
[2025-06-11 18:10:32] [68499c683038c] Получение списка статей
[2025-06-11 18:10:32] [68499c683038c] Найдено статей: 3
[2025-06-11 18:10:32] Ответ [68499c683038c] для action=get_posts: {"status":200,"success":true,"message":"Список статей получен","data_size":3,"time":"2.52ms"}
[2025-06-11 18:13:09] Начало обработки запроса [68499d05586f0]
[2025-06-11 18:13:09] [68499d05586f0] Подключение к БД
[2025-06-11 18:13:09] [68499d05586f0] Подключение к БД успешно
[2025-06-11 18:13:09] [68499d05586f0] Параметры запроса: action=get_posts, id=0
[2025-06-11 18:13:09] [68499d05586f0] Получение списка статей
[2025-06-11 18:13:09] [68499d05586f0] Найдено статей: 3
[2025-06-11 18:13:09] Ответ [68499d05586f0] для action=get_posts: {"status":200,"success":true,"message":"Список статей получен","data_size":3,"time":"2.25ms"}
[2025-06-11 18:13:10] Начало обработки запроса [68499d069dfa8]
[2025-06-11 18:13:10] [68499d069dfa8] Подключение к БД
[2025-06-11 18:13:10] [68499d069dfa8] Подключение к БД успешно
[2025-06-11 18:13:10] [68499d069dfa8] Параметры запроса: action=get_post, id=1
[2025-06-11 18:13:10] [68499d069dfa8] Получение статьи ID: 1
[2025-06-11 18:13:10] [68499d069dfa8] Статья найдена: Новое осеннее меню в ресторане
[2025-06-11 18:13:10] Ответ [68499d069dfa8] для action=get_post: {"status":200,"success":true,"message":"Статья получена","data_size":6,"time":"1.79ms"}
[2025-06-11 18:14:46] Начало обработки запроса [68499d66c8646]
[2025-06-11 18:14:46] [68499d66c8646] Подключение к БД
[2025-06-11 18:14:46] [68499d66c8646] Подключение к БД успешно
[2025-06-11 18:14:46] [68499d66c8646] Параметры запроса: action=get_posts, id=0
[2025-06-11 18:14:46] [68499d66c8646] Получение списка статей
[2025-06-11 18:14:46] [68499d66c8646] Найдено статей: 3
[2025-06-11 18:14:46] Ответ [68499d66c8646] для action=get_posts: {"status":200,"success":true,"message":"Список статей получен","data_size":3,"time":"1.75ms"}
[2025-06-11 18:14:54] Начало обработки запроса [68499d6e360ca]
[2025-06-11 18:14:54] [68499d6e360ca] Подключение к БД
[2025-06-11 18:14:54] [68499d6e360ca] Подключение к БД успешно
[2025-06-11 18:14:54] [68499d6e360ca] Параметры запроса: action=get_posts, id=0
[2025-06-11 18:14:54] [68499d6e360ca] Получение списка статей
[2025-06-11 18:14:54] [68499d6e360ca] Найдено статей: 3
[2025-06-11 18:14:54] Ответ [68499d6e360ca] для action=get_posts: {"status":200,"success":true,"message":"Список статей получен","data_size":3,"time":"1.66ms"}
[2025-06-11 18:17:26] Начало обработки запроса [68499e061366c]
[2025-06-11 18:17:26] [68499e061366c] Подключение к БД
[2025-06-11 18:17:26] [68499e061366c] Подключение к БД успешно
[2025-06-11 18:17:26] [68499e061366c] Параметры запроса: action=get_posts, id=0
[2025-06-11 18:17:26] [68499e061366c] Получение списка статей
[2025-06-11 18:17:26] [68499e061366c] Найдено статей: 3
[2025-06-11 18:17:26] Ответ [68499e061366c] для action=get_posts: {"status":200,"success":true,"message":"Список статей получен","data_size":3,"time":"1.59ms"}
[2025-06-11 18:17:28] Начало обработки запроса [68499e0871bc0]
[2025-06-11 18:17:28] [68499e0871bc0] Подключение к БД
[2025-06-11 18:17:28] [68499e0871bc0] Подключение к БД успешно
[2025-06-11 18:17:28] [68499e0871bc0] Параметры запроса: action=get_post, id=1
[2025-06-11 18:17:28] [68499e0871bc0] Получение статьи ID: 1
[2025-06-11 18:17:28] [68499e0871bc0] Статья найдена: Новое осеннее меню в ресторане
[2025-06-11 18:17:28] Ответ [68499e0871bc0] для action=get_post: {"status":200,"success":true,"message":"Статья получена","data_size":6,"time":"2.62ms"}
[2025-06-11 18:17:33] Начало обработки запроса [68499e0d89faf]
[2025-06-11 18:17:33] [68499e0d89faf] Подключение к БД
[2025-06-11 18:17:33] [68499e0d89faf] Подключение к БД успешно
[2025-06-11 18:17:33] [68499e0d89faf] Параметры запроса: action=get_post, id=1
[2025-06-11 18:17:33] [68499e0d89faf] Получение статьи ID: 1
[2025-06-11 18:17:33] [68499e0d89faf] Статья найдена: Новое осеннее меню в ресторане
[2025-06-11 18:17:33] Ответ [68499e0d89faf] для action=get_post: {"status":200,"success":true,"message":"Статья получена","data_size":6,"time":"1.73ms"}
[2025-06-11 18:17:36] Начало обработки запроса [68499e107bb12]
[2025-06-11 18:17:36] [68499e107bb12] Подключение к БД
[2025-06-11 18:17:36] [68499e107bb12] Подключение к БД успешно
[2025-06-11 18:17:36] [68499e107bb12] Параметры запроса: action=get_post, id=1
[2025-06-11 18:17:36] [68499e107bb12] Получение статьи ID: 1
[2025-06-11 18:17:36] [68499e107bb12] Статья найдена: Новое осеннее меню в ресторане
[2025-06-11 18:17:36] Ответ [68499e107bb12] для action=get_post: {"status":200,"success":true,"message":"Статья получена","data_size":6,"time":"2.59ms"}
[2025-06-11 18:18:10] Начало обработки запроса [68499e3235bb5]
[2025-06-11 18:18:10] [68499e3235bb5] Подключение к БД
[2025-06-11 18:18:10] [68499e3235bb5] Подключение к БД успешно
[2025-06-11 18:18:10] [68499e3235bb5] Параметры запроса: action=get_post, id=1
[2025-06-11 18:18:10] [68499e3235bb5] Получение статьи ID: 1
[2025-06-11 18:18:10] [68499e3235bb5] Статья найдена: Новое осеннее меню в ресторане
[2025-06-11 18:18:10] Ответ [68499e3235bb5] для action=get_post: {"status":200,"success":true,"message":"Статья получена","data_size":6,"time":"2.38ms"}
[2025-06-11 18:19:57] Начало обработки запроса [68499e9d75f27]
[2025-06-11 18:19:57] [68499e9d75f27] Подключение к БД
[2025-06-11 18:19:57] [68499e9d75f27] Подключение к БД успешно
[2025-06-11 18:19:57] [68499e9d75f27] Параметры запроса: action=get_post, id=1
[2025-06-11 18:19:57] [68499e9d75f27] Получение статьи ID: 1
[2025-06-11 18:19:57] [68499e9d75f27] Статья найдена: Новое осеннее меню в ресторане
[2025-06-11 18:19:57] Ответ [68499e9d75f27] для action=get_post: {"status":200,"success":true,"message":"Статья получена","data_size":6,"time":"1.61ms"}
[2025-06-11 18:22:35] Начало обработки запроса [68499f3bb7f2a]
[2025-06-11 18:22:35] [68499f3bb7f2a] Подключение к БД
[2025-06-11 18:22:35] [68499f3bb7f2a] Подключение к БД успешно
[2025-06-11 18:22:35] [68499f3bb7f2a] Параметры запроса: action=get_posts, id=0
[2025-06-11 18:22:35] [68499f3bb7f2a] Получение списка статей
[2025-06-11 18:22:35] [68499f3bb7f2a] Найдено статей: 3
[2025-06-11 18:22:35] Ответ [68499f3bb7f2a] для action=get_posts: {"status":200,"success":true,"message":"Список статей получен","data_size":3,"time":"1.73ms"}
[2025-06-11 18:22:44] Начало обработки запроса [68499f44aa729]
[2025-06-11 18:22:44] [68499f44aa729] Подключение к БД
[2025-06-11 18:22:44] [68499f44aa729] Подключение к БД успешно
[2025-06-11 18:22:44] [68499f44aa729] Параметры запроса: action=get_post, id=1
[2025-06-11 18:22:44] [68499f44aa729] Получение статьи ID: 1
[2025-06-11 18:22:44] [68499f44aa729] Статья найдена: Новое осеннее меню в ресторане
[2025-06-11 18:22:44] Ответ [68499f44aa729] для action=get_post: {"status":200,"success":true,"message":"Статья получена","data_size":6,"time":"1.84ms"}
[2025-06-11 18:24:18] Начало обработки запроса [68499fa2e1382]
[2025-06-11 18:24:18] [68499fa2e1382] Подключение к БД
[2025-06-11 18:24:18] [68499fa2e1382] Подключение к БД успешно
[2025-06-11 18:24:18] [68499fa2e1382] Параметры запроса: action=get_post, id=1
[2025-06-11 18:24:18] [68499fa2e1382] Получение статьи ID: 1
[2025-06-11 18:24:18] [68499fa2e1382] Статья найдена: Новое осеннее меню в ресторане
[2025-06-11 18:24:18] Ответ [68499fa2e1382] для action=get_post: {"status":200,"success":true,"message":"Статья получена","data_size":6,"time":"2.33ms"}
[2025-06-11 18:25:38] Начало обработки запроса [68499ff2a7006]
[2025-06-11 18:25:38] [68499ff2a7006] Подключение к БД
[2025-06-11 18:25:38] [68499ff2a7006] Подключение к БД успешно
[2025-06-11 18:25:38] [68499ff2a7006] Параметры запроса: action=get_posts, id=0
[2025-06-11 18:25:38] [68499ff2a7006] Получение списка статей
[2025-06-11 18:25:38] [68499ff2a7006] Найдено статей: 3
[2025-06-11 18:25:38] Ответ [68499ff2a7006] для action=get_posts: {"status":200,"success":true,"message":"Список статей получен","data_size":3,"time":"1.83ms"}
[2025-06-11 18:26:47] Начало обработки запроса [6849a037cee06]
[2025-06-11 18:26:47] [6849a037cee06] Подключение к БД
[2025-06-11 18:26:47] [6849a037cee06] Подключение к БД успешно
[2025-06-11 18:26:47] [6849a037cee06] Параметры запроса: action=get_posts, id=0
[2025-06-11 18:26:47] [6849a037cee06] Получение списка статей
[2025-06-11 18:26:47] [6849a037cee06] Найдено статей: 3
[2025-06-11 18:26:47] Ответ [6849a037cee06] для action=get_posts: {"status":200,"success":true,"message":"Список статей получен","data_size":3,"time":"1.73ms"}
[2025-06-11 18:26:49] Начало обработки запроса [6849a03908f7c]
[2025-06-11 18:26:49] [6849a03908f7c] Подключение к БД
[2025-06-11 18:26:49] [6849a03908f7c] Подключение к БД успешно
[2025-06-11 18:26:49] [6849a03908f7c] Параметры запроса: action=get_post, id=1
[2025-06-11 18:26:49] [6849a03908f7c] Получение статьи ID: 1
[2025-06-11 18:26:49] [6849a03908f7c] Статья найдена: Новое осеннее меню в ресторане
[2025-06-11 18:26:49] Ответ [6849a03908f7c] для action=get_post: {"status":200,"success":true,"message":"Статья получена","data_size":6,"time":"1.85ms"}
[2025-06-11 18:27:18] Начало обработки запроса [6849a0568c4e8]
[2025-06-11 18:27:18] [6849a0568c4e8] Подключение к БД
[2025-06-11 18:27:18] [6849a0568c4e8] Подключение к БД успешно
[2025-06-11 18:27:18] [6849a0568c4e8] Параметры запроса: action=get_post, id=1
[2025-06-11 18:27:18] [6849a0568c4e8] Получение статьи ID: 1
[2025-06-11 18:27:18] [6849a0568c4e8] Статья найдена: Новое осеннее меню в ресторане
[2025-06-11 18:27:18] Ответ [6849a0568c4e8] для action=get_post: {"status":200,"success":true,"message":"Статья получена","data_size":6,"time":"1.66ms"}
[2025-06-11 18:28:10] Начало обработки запроса [6849a08a6d73e]
[2025-06-11 18:28:10] [6849a08a6d73e] Подключение к БД
[2025-06-11 18:28:10] [6849a08a6d73e] Подключение к БД успешно
[2025-06-11 18:28:10] [6849a08a6d73e] Параметры запроса: action=get_post, id=1
[2025-06-11 18:28:10] [6849a08a6d73e] Получение статьи ID: 1
[2025-06-11 18:28:10] [6849a08a6d73e] Статья найдена: Новое осеннее меню в ресторане
[2025-06-11 18:28:10] Ответ [6849a08a6d73e] для action=get_post: {"status":200,"success":true,"message":"Статья получена","data_size":6,"time":"2.26ms"}
[2025-06-11 18:29:35] Начало обработки запроса [6849a0dfb2887]
[2025-06-11 18:29:35] [6849a0dfb2887] Подключение к БД
[2025-06-11 18:29:35] [6849a0dfb2887] Подключение к БД успешно
[2025-06-11 18:29:35] [6849a0dfb2887] Параметры запроса: action=get_post, id=1
[2025-06-11 18:29:35] [6849a0dfb2887] Получение статьи ID: 1
[2025-06-11 18:29:35] [6849a0dfb2887] Статья найдена: Новое осеннее меню в ресторане
[2025-06-11 18:29:35] Ответ [6849a0dfb2887] для action=get_post: {"status":200,"success":true,"message":"Статья получена","data_size":6,"time":"2.49ms"}
[2025-06-11 18:30:31] Начало обработки запроса [6849a1175e168]
[2025-06-11 18:30:31] [6849a1175e168] Подключение к БД
[2025-06-11 18:30:31] [6849a1175e168] Подключение к БД успешно
[2025-06-11 18:30:31] [6849a1175e168] Параметры запроса: action=get_posts, id=0
[2025-06-11 18:30:31] [6849a1175e168] Получение списка статей
[2025-06-11 18:30:31] [6849a1175e168] Найдено статей: 3
[2025-06-11 18:30:31] Ответ [6849a1175e168] для action=get_posts: {"status":200,"success":true,"message":"Список статей получен","data_size":3,"time":"2.71ms"}
[2025-06-11 18:31:08] Начало обработки запроса [6849a13c7c22f]
[2025-06-11 18:31:08] [6849a13c7c22f] Подключение к БД
[2025-06-11 18:31:08] [6849a13c7c22f] Подключение к БД успешно
[2025-06-11 18:31:08] [6849a13c7c22f] Параметры запроса: action=get_posts, id=0
[2025-06-11 18:31:08] [6849a13c7c22f] Получение списка статей
[2025-06-11 18:31:08] [6849a13c7c22f] Найдено статей: 3
[2025-06-11 18:31:08] Ответ [6849a13c7c22f] для action=get_posts: {"status":200,"success":true,"message":"Список статей получен","data_size":3,"time":"1.63ms"}
[2025-06-11 18:31:30] Начало обработки запроса [6849a152a66ff]
[2025-06-11 18:31:30] [6849a152a66ff] Подключение к БД
[2025-06-11 18:31:30] [6849a152a66ff] Подключение к БД успешно
[2025-06-11 18:31:30] [6849a152a66ff] Параметры запроса: action=get_posts, id=0
[2025-06-11 18:31:30] [6849a152a66ff] Получение списка статей
[2025-06-11 18:31:30] [6849a152a66ff] Найдено статей: 3
[2025-06-11 18:31:30] Ответ [6849a152a66ff] для action=get_posts: {"status":200,"success":true,"message":"Список статей получен","data_size":3,"time":"1.71ms"}
[2025-06-11 18:35:32] Начало обработки запроса [6849a2446640a]
[2025-06-11 18:35:32] [6849a2446640a] Подключение к БД
[2025-06-11 18:35:32] [6849a2446640a] Подключение к БД успешно
[2025-06-11 18:35:32] [6849a2446640a] Параметры запроса: action=get_posts, id=0
[2025-06-11 18:35:32] [6849a2446640a] Получение списка статей
[2025-06-11 18:35:32] [6849a2446640a] Найдено статей: 3
[2025-06-11 18:35:32] Ответ [6849a2446640a] для action=get_posts: {"status":200,"success":true,"message":"Список статей получен","data_size":3,"time":"2.65ms"}
[2025-06-11 18:35:34] Начало обработки запроса [6849a246495c6]
[2025-06-11 18:35:34] [6849a246495c6] Подключение к БД
[2025-06-11 18:35:34] [6849a246495c6] Подключение к БД успешно
[2025-06-11 18:35:34] [6849a246495c6] Параметры запроса: action=get_post, id=1
[2025-06-11 18:35:34] [6849a246495c6] Получение статьи ID: 1
[2025-06-11 18:35:34] [6849a246495c6] Статья найдена: Новое осеннее меню в ресторане
[2025-06-11 18:35:34] Ответ [6849a246495c6] для action=get_post: {"status":200,"success":true,"message":"Статья получена","data_size":6,"time":"1.7ms"}
[2025-06-11 18:35:37] Начало обработки запроса [6849a2493feec]
[2025-06-11 18:35:37] [6849a2493feec] Подключение к БД
[2025-06-11 18:35:37] [6849a2493feec] Подключение к БД успешно
[2025-06-11 18:35:37] [6849a2493feec] Параметры запроса: action=get_posts, id=0
[2025-06-11 18:35:37] [6849a2493feec] Получение списка статей
[2025-06-11 18:35:37] [6849a2493feec] Найдено статей: 3
[2025-06-11 18:35:37] Ответ [6849a2493feec] для action=get_posts: {"status":200,"success":true,"message":"Список статей получен","data_size":3,"time":"1.64ms"}
[2025-06-11 18:35:38] Начало обработки запроса [6849a24ac56f5]
[2025-06-11 18:35:38] [6849a24ac56f5] Подключение к БД
[2025-06-11 18:35:38] [6849a24ac56f5] Подключение к БД успешно
[2025-06-11 18:35:38] [6849a24ac56f5] Параметры запроса: action=get_post, id=2
[2025-06-11 18:35:38] [6849a24ac56f5] Получение статьи ID: 2
[2025-06-11 18:35:38] [6849a24ac56f5] Статья найдена: Открытие нового номера "Люкс"
[2025-06-11 18:35:38] Ответ [6849a24ac56f5] для action=get_post: {"status":200,"success":true,"message":"Статья получена","data_size":6,"time":"1.79ms"}
[2025-06-11 18:35:41] Начало обработки запроса [6849a24d2f8b5]
[2025-06-11 18:35:41] [6849a24d2f8b5] Подключение к БД
[2025-06-11 18:35:41] [6849a24d2f8b5] Подключение к БД успешно
[2025-06-11 18:35:41] [6849a24d2f8b5] Параметры запроса: action=get_posts, id=0
[2025-06-11 18:35:41] [6849a24d2f8b5] Получение списка статей
[2025-06-11 18:35:41] [6849a24d2f8b5] Найдено статей: 3
[2025-06-11 18:35:41] Ответ [6849a24d2f8b5] для action=get_posts: {"status":200,"success":true,"message":"Список статей получен","data_size":3,"time":"1.59ms"}
[2025-06-11 18:35:42] Начало обработки запроса [6849a24e610bc]
[2025-06-11 18:35:42] [6849a24e610bc] Подключение к БД
[2025-06-11 18:35:42] [6849a24e610bc] Подключение к БД успешно
[2025-06-11 18:35:42] [6849a24e610bc] Параметры запроса: action=get_post, id=3
[2025-06-11 18:35:42] [6849a24e610bc] Получение статьи ID: 3
[2025-06-11 18:35:42] [6849a24e610bc] Статья найдена: Выставка местных художников
[2025-06-11 18:35:42] Ответ [6849a24e610bc] для action=get_post: {"status":200,"success":true,"message":"Статья получена","data_size":6,"time":"1.69ms"}
[2025-06-11 18:35:47] Начало обработки запроса [6849a253bd24e]
[2025-06-11 18:35:47] [6849a253bd24e] Подключение к БД
[2025-06-11 18:35:47] [6849a253bd24e] Подключение к БД успешно
[2025-06-11 18:35:47] [6849a253bd24e] Параметры запроса: action=get_posts, id=0
[2025-06-11 18:35:47] [6849a253bd24e] Получение списка статей
[2025-06-11 18:35:47] [6849a253bd24e] Найдено статей: 3
[2025-06-11 18:35:47] Ответ [6849a253bd24e] для action=get_posts: {"status":200,"success":true,"message":"Список статей получен","data_size":3,"time":"1.82ms"}
[2025-06-11 18:35:49] Начало обработки запроса [6849a25547bc8]
[2025-06-11 18:35:49] [6849a25547bc8] Подключение к БД
[2025-06-11 18:35:49] [6849a25547bc8] Подключение к БД успешно
[2025-06-11 18:35:49] [6849a25547bc8] Параметры запроса: action=get_post, id=1
[2025-06-11 18:35:49] [6849a25547bc8] Получение статьи ID: 1
[2025-06-11 18:35:49] [6849a25547bc8] Статья найдена: Новое осеннее меню в ресторане
[2025-06-11 18:35:49] Ответ [6849a25547bc8] для action=get_post: {"status":200,"success":true,"message":"Статья получена","data_size":6,"time":"2.13ms"}
[2025-06-11 18:35:52] Начало обработки запроса [6849a25860ebb]
[2025-06-11 18:35:52] [6849a25860ebb] Подключение к БД
[2025-06-11 18:35:52] [6849a25860ebb] Подключение к БД успешно
[2025-06-11 18:35:52] [6849a25860ebb] Параметры запроса: action=get_posts, id=0
[2025-06-11 18:35:52] [6849a25860ebb] Получение списка статей
[2025-06-11 18:35:52] [6849a25860ebb] Найдено статей: 3
[2025-06-11 18:35:52] Ответ [6849a25860ebb] для action=get_posts: {"status":200,"success":true,"message":"Список статей получен","data_size":3,"time":"1.72ms"}
[2025-06-11 18:35:53] Начало обработки запроса [6849a25980cc1]
[2025-06-11 18:35:53] [6849a25980cc1] Подключение к БД
[2025-06-11 18:35:53] [6849a25980cc1] Подключение к БД успешно
[2025-06-11 18:35:53] [6849a25980cc1] Параметры запроса: action=get_post, id=2
[2025-06-11 18:35:53] [6849a25980cc1] Получение статьи ID: 2
[2025-06-11 18:35:53] [6849a25980cc1] Статья найдена: Открытие нового номера "Люкс"
[2025-06-11 18:35:53] Ответ [6849a25980cc1] для action=get_post: {"status":200,"success":true,"message":"Статья получена","data_size":6,"time":"1.86ms"}
[2025-06-11 18:35:56] Начало обработки запроса [6849a25c35b73]
[2025-06-11 18:35:56] [6849a25c35b73] Подключение к БД
[2025-06-11 18:35:56] [6849a25c35b73] Подключение к БД успешно
[2025-06-11 18:35:56] [6849a25c35b73] Параметры запроса: action=get_posts, id=0
[2025-06-11 18:35:56] [6849a25c35b73] Получение списка статей
[2025-06-11 18:35:56] [6849a25c35b73] Найдено статей: 3
[2025-06-11 18:35:56] Ответ [6849a25c35b73] для action=get_posts: {"status":200,"success":true,"message":"Список статей получен","data_size":3,"time":"1.72ms"}
[2025-06-11 18:57:04] Начало обработки запроса [6849a7509d76c]
[2025-06-11 18:57:04] [6849a7509d76c] Подключение к БД
[2025-06-11 18:57:04] [6849a7509d76c] Подключение к БД успешно
[2025-06-11 18:57:04] [6849a7509d76c] Параметры запроса: action=get_posts, id=0
[2025-06-11 18:57:04] [6849a7509d76c] Получение списка статей
[2025-06-11 18:57:04] [6849a7509d76c] Найдено статей: 3
[2025-06-11 18:57:04] Ответ [6849a7509d76c] для action=get_posts: {"status":200,"success":true,"message":"Список статей получен","data_size":3,"time":"1.75ms"}
[2025-06-11 18:57:16] Начало обработки запроса [6849a75cbd99f]
[2025-06-11 18:57:16] [6849a75cbd99f] Подключение к БД
[2025-06-11 18:57:16] [6849a75cbd99f] Подключение к БД успешно
[2025-06-11 18:57:16] [6849a75cbd99f] Параметры запроса: action=get_posts, id=0
[2025-06-11 18:57:16] [6849a75cbd99f] Получение списка статей
[2025-06-11 18:57:16] [6849a75cbd99f] Найдено статей: 3
[2025-06-11 18:57:16] Ответ [6849a75cbd99f] для action=get_posts: {"status":200,"success":true,"message":"Список статей получен","data_size":3,"time":"1.62ms"}
[2025-06-11 18:57:19] Начало обработки запроса [6849a75f4ab49]
[2025-06-11 18:57:19] [6849a75f4ab49] Подключение к БД
[2025-06-11 18:57:19] [6849a75f4ab49] Подключение к БД успешно
[2025-06-11 18:57:19] [6849a75f4ab49] Параметры запроса: action=get_posts, id=0
[2025-06-11 18:57:19] [6849a75f4ab49] Получение списка статей
[2025-06-11 18:57:19] [6849a75f4ab49] Найдено статей: 3
[2025-06-11 18:57:19] Ответ [6849a75f4ab49] для action=get_posts: {"status":200,"success":true,"message":"Список статей получен","data_size":3,"time":"1.69ms"}
[2025-06-11 19:37:37] Начало обработки запроса [6849b0d1b31a2]
[2025-06-11 19:37:37] [6849b0d1b31a2] Подключение к БД
[2025-06-11 19:37:37] [6849b0d1b31a2] Подключение к БД успешно
[2025-06-11 19:37:37] [6849b0d1b31a2] Параметры запроса: action=get_posts, id=0
[2025-06-11 19:37:37] [6849b0d1b31a2] Получение списка статей
[2025-06-11 19:37:37] [6849b0d1b31a2] Найдено статей: 3
[2025-06-11 19:37:37] Ответ [6849b0d1b31a2] для action=get_posts: {"status":200,"success":true,"message":"Список статей получен","data_size":3,"time":"2.3ms"}
[2025-06-11 19:42:50] Начало обработки запроса [6849b20a19c3d]
[2025-06-11 19:42:50] [6849b20a19c3d] Подключение к БД
[2025-06-11 19:42:50] [6849b20a19c3d] Подключение к БД успешно
[2025-06-11 19:42:50] [6849b20a19c3d] Параметры запроса: action=get_post, id=1
[2025-06-11 19:42:50] [6849b20a19c3d] Получение статьи ID: 1
[2025-06-11 19:42:50] [6849b20a19c3d] Статья найдена: Новое осеннее меню в ресторане
[2025-06-11 19:42:50] Ответ [6849b20a19c3d] для action=get_post: {"status":200,"success":true,"message":"Статья получена","data_size":6,"time":"1.88ms"}
[2025-06-12 12:14:20] Начало обработки запроса [684a9a6c958f6]
[2025-06-12 12:14:20] [684a9a6c958f6] Подключение к БД
[2025-06-12 12:14:20] [684a9a6c958f6] Подключение к БД успешно
[2025-06-12 12:14:20] [684a9a6c958f6] Параметры запроса: action=get_posts, id=0
[2025-06-12 12:14:20] [684a9a6c958f6] Получение списка статей
[2025-06-12 12:14:20] [684a9a6c958f6] Найдено статей: 3
[2025-06-12 12:14:20] Ответ [684a9a6c958f6] для action=get_posts: {"status":200,"success":true,"message":"Список статей получен","data_size":3,"time":"1.59ms"}
[2025-06-12 12:14:22] Начало обработки запроса [684a9a6ed2299]
[2025-06-12 12:14:22] [684a9a6ed2299] Подключение к БД
[2025-06-12 12:14:22] [684a9a6ed2299] Подключение к БД успешно
[2025-06-12 12:14:22] [684a9a6ed2299] Параметры запроса: action=get_post, id=1
[2025-06-12 12:14:22] [684a9a6ed2299] Получение статьи ID: 1
[2025-06-12 12:14:22] [684a9a6ed2299] Статья найдена: Новое осеннее меню в ресторане
[2025-06-12 12:14:22] Ответ [684a9a6ed2299] для action=get_post: {"status":200,"success":true,"message":"Статья получена","data_size":6,"time":"1.46ms"}
[2025-06-12 12:14:26] Начало обработки запроса [684a9a7207383]
[2025-06-12 12:14:26] [684a9a7207383] Подключение к БД
[2025-06-12 12:14:26] [684a9a7207383] Подключение к БД успешно
[2025-06-12 12:14:26] [684a9a7207383] Параметры запроса: action=get_posts, id=0
[2025-06-12 12:14:26] [684a9a7207383] Получение списка статей
[2025-06-12 12:14:26] [684a9a7207383] Найдено статей: 3
[2025-06-12 12:14:26] Ответ [684a9a7207383] для action=get_posts: {"status":200,"success":true,"message":"Список статей получен","data_size":3,"time":"1.51ms"}
[2025-06-12 12:14:27] Начало обработки запроса [684a9a73a1742]
[2025-06-12 12:14:27] [684a9a73a1742] Подключение к БД
[2025-06-12 12:14:27] [684a9a73a1742] Подключение к БД успешно
[2025-06-12 12:14:27] [684a9a73a1742] Параметры запроса: action=get_post, id=2
[2025-06-12 12:14:27] [684a9a73a1742] Получение статьи ID: 2
[2025-06-12 12:14:27] [684a9a73a1742] Статья найдена: Открытие нового номера "Люкс"
[2025-06-12 12:14:27] Ответ [684a9a73a1742] для action=get_post: {"status":200,"success":true,"message":"Статья получена","data_size":6,"time":"1.76ms"}
[2025-06-12 12:14:30] Начало обработки запроса [684a9a7682dba]
[2025-06-12 12:14:30] [684a9a7682dba] Подключение к БД
[2025-06-12 12:14:30] [684a9a7682dba] Подключение к БД успешно
[2025-06-12 12:14:30] [684a9a7682dba] Параметры запроса: action=get_posts, id=0
[2025-06-12 12:14:30] [684a9a7682dba] Получение списка статей
[2025-06-12 12:14:30] [684a9a7682dba] Найдено статей: 3
[2025-06-12 12:14:30] Ответ [684a9a7682dba] для action=get_posts: {"status":200,"success":true,"message":"Список статей получен","data_size":3,"time":"1.64ms"}
[2025-06-12 13:00:24] Начало обработки запроса [684aa538deb6f]
[2025-06-12 13:00:24] [684aa538deb6f] Подключение к БД
[2025-06-12 13:00:24] [684aa538deb6f] Подключение к БД успешно
[2025-06-12 13:00:24] [684aa538deb6f] Параметры запроса: action=get_posts, id=0
[2025-06-12 13:00:24] [684aa538deb6f] Получение списка статей
[2025-06-12 13:00:24] [684aa538deb6f] Найдено статей: 3
[2025-06-12 13:00:24] Ответ [684aa538deb6f] для action=get_posts: {"status":200,"success":true,"message":"Список статей получен","data_size":3,"time":"1.77ms"}
[2025-06-12 13:56:22] Начало обработки запроса [684ab25629c2c]
[2025-06-12 13:56:22] [684ab25629c2c] Подключение к БД
[2025-06-12 13:56:22] [684ab25629c2c] Подключение к БД успешно
[2025-06-12 13:56:22] [684ab25629c2c] Параметры запроса: action=get_posts, id=0
[2025-06-12 13:56:22] [684ab25629c2c] Получение списка статей
[2025-06-12 13:56:22] [684ab25629c2c] Найдено статей: 3
[2025-06-12 13:56:22] Ответ [684ab25629c2c] для action=get_posts: {"status":200,"success":true,"message":"Список статей получен","data_size":3,"time":"1.69ms"}
[2025-06-12 13:56:28] Начало обработки запроса [684ab25cab9fb]
[2025-06-12 13:56:28] [684ab25cab9fb] Подключение к БД
[2025-06-12 13:56:28] [684ab25cab9fb] Подключение к БД успешно
[2025-06-12 13:56:28] [684ab25cab9fb] Параметры запроса: action=get_post, id=1
[2025-06-12 13:56:28] [684ab25cab9fb] Получение статьи ID: 1
[2025-06-12 13:56:28] [684ab25cab9fb] Статья найдена: Новое осеннее меню в ресторане
[2025-06-12 13:56:28] Ответ [684ab25cab9fb] для action=get_post: {"status":200,"success":true,"message":"Статья получена","data_size":6,"time":"1.12ms"}
[2025-06-12 14:20:45] Начало обработки запроса [684ab80db0fad]
[2025-06-12 14:20:45] [684ab80db0fad] Подключение к БД
[2025-06-12 14:20:45] [684ab80db0fad] Подключение к БД успешно
[2025-06-12 14:20:45] [684ab80db0fad] Параметры запроса: action=get_posts, id=0
[2025-06-12 14:20:45] [684ab80db0fad] Получение списка статей
[2025-06-12 14:20:45] [684ab80db0fad] Найдено статей: 3
[2025-06-12 14:20:45] Ответ [684ab80db0fad] для action=get_posts: {"status":200,"success":true,"message":"Список статей получен","data_size":3,"time":"1.49ms"}
[2025-06-12 14:20:47] Начало обработки запроса [684ab80f3be08]
[2025-06-12 14:20:47] [684ab80f3be08] Подключение к БД
[2025-06-12 14:20:47] [684ab80f3be08] Подключение к БД успешно
[2025-06-12 14:20:47] [684ab80f3be08] Параметры запроса: action=get_post, id=1
[2025-06-12 14:20:47] [684ab80f3be08] Получение статьи ID: 1
[2025-06-12 14:20:47] [684ab80f3be08] Статья найдена: Новое осеннее меню в ресторане
[2025-06-12 14:20:47] Ответ [684ab80f3be08] для action=get_post: {"status":200,"success":true,"message":"Статья получена","data_size":6,"time":"1.51ms"}
[2025-06-12 17:20:06] Начало обработки запроса [684ae2166d93d]
[2025-06-12 17:20:06] [684ae2166d93d] Подключение к БД
[2025-06-12 17:20:06] [684ae2166d93d] Подключение к БД успешно
[2025-06-12 17:20:06] [684ae2166d93d] Параметры запроса: action=get_posts, id=0
[2025-06-12 17:20:06] [684ae2166d93d] Получение списка статей
[2025-06-12 17:20:06] [684ae2166d93d] Найдено статей: 3
[2025-06-12 17:20:06] Ответ [684ae2166d93d] для action=get_posts: {"status":200,"success":true,"message":"Список статей получен","data_size":3,"time":"1.6ms"}
[2025-06-12 17:20:08] Начало обработки запроса [684ae21809a2f]
[2025-06-12 17:20:08] [684ae21809a2f] Подключение к БД
[2025-06-12 17:20:08] [684ae21809a2f] Подключение к БД успешно
[2025-06-12 17:20:08] [684ae21809a2f] Параметры запроса: action=get_posts, id=0
[2025-06-12 17:20:08] [684ae21809a2f] Получение списка статей
[2025-06-12 17:20:08] [684ae21809a2f] Найдено статей: 3
[2025-06-12 17:20:08] Ответ [684ae21809a2f] для action=get_posts: {"status":200,"success":true,"message":"Список статей получен","data_size":3,"time":"1.78ms"}
[2025-06-12 17:20:25] Начало обработки запроса [684ae2297b00b]
[2025-06-12 17:20:25] [684ae2297b00b] Подключение к БД
[2025-06-12 17:20:25] [684ae2297b00b] Подключение к БД успешно
[2025-06-12 17:20:25] [684ae2297b00b] Параметры запроса: action=get_posts, id=0
[2025-06-12 17:20:25] [684ae2297b00b] Получение списка статей
[2025-06-12 17:20:25] [684ae2297b00b] Найдено статей: 3
[2025-06-12 17:20:25] Ответ [684ae2297b00b] для action=get_posts: {"status":200,"success":true,"message":"Список статей получен","data_size":3,"time":"1.63ms"}
[2025-06-12 17:22:46] Начало обработки запроса [684ae2b609f96]
[2025-06-12 17:22:46] [684ae2b609f96] Подключение к БД
[2025-06-12 17:22:46] [684ae2b609f96] Подключение к БД успешно
[2025-06-12 17:22:46] [684ae2b609f96] Параметры запроса: action=get_posts, id=0
[2025-06-12 17:22:46] [684ae2b609f96] Получение списка статей
[2025-06-12 17:22:46] [684ae2b609f96] Найдено статей: 3
[2025-06-12 17:22:46] Ответ [684ae2b609f96] для action=get_posts: {"status":200,"success":true,"message":"Список статей получен","data_size":3,"time":"1.8ms"}
[2025-06-12 17:25:54] Начало обработки запроса [684ae372bebb2]
[2025-06-12 17:25:54] [684ae372bebb2] Подключение к БД
[2025-06-12 17:25:54] [684ae372bebb2] Подключение к БД успешно
[2025-06-12 17:25:54] [684ae372bebb2] Параметры запроса: action=get_posts, id=0
[2025-06-12 17:25:54] [684ae372bebb2] Получение списка статей
[2025-06-12 17:25:54] [684ae372bebb2] Найдено статей: 3
[2025-06-12 17:25:54] Ответ [684ae372bebb2] для action=get_posts: {"status":200,"success":true,"message":"Список статей получен","data_size":3,"time":"1.63ms"}
[2025-06-12 18:13:44] Начало обработки запроса [684aeea8f1cec]
[2025-06-12 18:13:44] [684aeea8f1cec] Подключение к БД
[2025-06-12 18:13:44] [684aeea8f1cec] Подключение к БД успешно
[2025-06-12 18:13:44] [684aeea8f1cec] Параметры запроса: action=get_posts, id=0
[2025-06-12 18:13:44] [684aeea8f1cec] Получение списка статей
[2025-06-12 18:13:44] [684aeea8f1cec] Найдено статей: 3
[2025-06-12 18:13:44] Ответ [684aeea8f1cec] для action=get_posts: {"status":200,"success":true,"message":"Список статей получен","data_size":3,"time":"1.41ms"}
[2025-06-12 18:14:22] Начало обработки запроса [684aeece4b0c5]
[2025-06-12 18:14:22] [684aeece4b0c5] Подключение к БД
[2025-06-12 18:14:22] [684aeece4b0c5] Подключение к БД успешно
[2025-06-12 18:14:22] [684aeece4b0c5] Параметры запроса: action=get_posts, id=0
[2025-06-12 18:14:22] [684aeece4b0c5] Получение списка статей
[2025-06-12 18:14:22] [684aeece4b0c5] Найдено статей: 3
[2025-06-12 18:14:22] Ответ [684aeece4b0c5] для action=get_posts: {"status":200,"success":true,"message":"Список статей получен","data_size":3,"time":"1.7ms"}
[2025-06-12 18:44:47] Начало обработки запроса [684af5ef2571c]
[2025-06-12 18:44:47] [684af5ef2571c] Подключение к БД
[2025-06-12 18:44:47] [684af5ef2571c] Подключение к БД успешно
[2025-06-12 18:44:47] [684af5ef2571c] Параметры запроса: action=get_posts, id=0
[2025-06-12 18:44:47] [684af5ef2571c] Получение списка статей
[2025-06-12 18:44:47] [684af5ef2571c] Найдено статей: 3
[2025-06-12 18:44:47] Ответ [684af5ef2571c] для action=get_posts: {"status":200,"success":true,"message":"Список статей получен","data_size":3,"time":"1.9ms"}
[2025-06-12 19:03:22] Начало обработки запроса [684afa4a16a8d]
[2025-06-12 19:03:22] [684afa4a16a8d] Подключение к БД
[2025-06-12 19:03:22] [684afa4a16a8d] Подключение к БД успешно
[2025-06-12 19:03:22] [684afa4a16a8d] Параметры запроса: action=get_posts, id=0
[2025-06-12 19:03:22] [684afa4a16a8d] Получение списка статей
[2025-06-12 19:03:22] [684afa4a16a8d] Найдено статей: 3
[2025-06-12 19:03:22] Ответ [684afa4a16a8d] для action=get_posts: {"status":200,"success":true,"message":"Список статей получен","data_size":3,"time":"1.5ms"}
[2025-06-12 19:04:10] Начало обработки запроса [684afa7a0a389]
[2025-06-12 19:04:10] [684afa7a0a389] Подключение к БД
[2025-06-12 19:04:10] [684afa7a0a389] Подключение к БД успешно
[2025-06-12 19:04:10] [684afa7a0a389] Параметры запроса: action=get_posts, id=0
[2025-06-12 19:04:10] [684afa7a0a389] Получение списка статей
[2025-06-12 19:04:10] [684afa7a0a389] Найдено статей: 3
[2025-06-12 19:04:10] Ответ [684afa7a0a389] для action=get_posts: {"status":200,"success":true,"message":"Список статей получен","data_size":3,"time":"2.04ms"}
[2025-06-12 19:04:11] Начало обработки запроса [684afa7bdc905]
[2025-06-12 19:04:11] [684afa7bdc905] Подключение к БД
[2025-06-12 19:04:11] [684afa7bdc905] Подключение к БД успешно
[2025-06-12 19:04:11] [684afa7bdc905] Параметры запроса: action=get_post, id=1
[2025-06-12 19:04:11] [684afa7bdc905] Получение статьи ID: 1
[2025-06-12 19:04:11] [684afa7bdc905] Статья найдена: Новое осеннее меню в ресторане
[2025-06-12 19:04:11] Ответ [684afa7bdc905] для action=get_post: {"status":200,"success":true,"message":"Статья получена","data_size":6,"time":"1.66ms"}
[2025-06-12 19:04:15] Начало обработки запроса [684afa7f06214]
[2025-06-12 19:04:15] [684afa7f06214] Подключение к БД
[2025-06-12 19:04:15] [684afa7f06214] Подключение к БД успешно
[2025-06-12 19:04:15] [684afa7f06214] Параметры запроса: action=get_posts, id=0
[2025-06-12 19:04:15] [684afa7f06214] Получение списка статей
[2025-06-12 19:04:15] [684afa7f06214] Найдено статей: 3
[2025-06-12 19:04:15] Ответ [684afa7f06214] для action=get_posts: {"status":200,"success":true,"message":"Список статей получен","data_size":3,"time":"1.64ms"}
[2025-06-12 19:04:26] Начало обработки запроса [684afa8a34d3c]
[2025-06-12 19:04:26] [684afa8a34d3c] Подключение к БД
[2025-06-12 19:04:26] [684afa8a34d3c] Подключение к БД успешно
[2025-06-12 19:04:26] [684afa8a34d3c] Параметры запроса: action=get_posts, id=0
[2025-06-12 19:04:26] [684afa8a34d3c] Получение списка статей
[2025-06-12 19:04:26] [684afa8a34d3c] Найдено статей: 3
[2025-06-12 19:04:26] Ответ [684afa8a34d3c] для action=get_posts: {"status":200,"success":true,"message":"Список статей получен","data_size":3,"time":"1.9ms"}
[2025-06-12 19:06:07] Начало обработки запроса [684afaefae71b]
[2025-06-12 19:06:07] [684afaefae71b] Подключение к БД
[2025-06-12 19:06:07] [684afaefae71b] Подключение к БД успешно
[2025-06-12 19:06:07] [684afaefae71b] Параметры запроса: action=get_posts, id=0
[2025-06-12 19:06:07] [684afaefae71b] Получение списка статей
[2025-06-12 19:06:07] [684afaefae71b] Найдено статей: 3
[2025-06-12 19:06:07] Ответ [684afaefae71b] для action=get_posts: {"status":200,"success":true,"message":"Список статей получен","data_size":3,"time":"1.9ms"}
[2025-06-12 19:12:29] Начало обработки запроса [684afc6d434bd]
[2025-06-12 19:12:29] [684afc6d434bd] Подключение к БД
[2025-06-12 19:12:29] [684afc6d434bd] Подключение к БД успешно
[2025-06-12 19:12:29] [684afc6d434bd] Параметры запроса: action=get_posts, id=0
[2025-06-12 19:12:29] [684afc6d434bd] Получение списка статей
[2025-06-12 19:12:29] [684afc6d434bd] Найдено статей: 3
[2025-06-12 19:12:29] Ответ [684afc6d434bd] для action=get_posts: {"status":200,"success":true,"message":"Список статей получен","data_size":3,"time":"2.08ms"}
[2025-06-13 15:09:27] Начало обработки запроса [684c14f7def85]
[2025-06-13 15:09:27] [684c14f7def85] Подключение к БД
[2025-06-13 15:09:27] [684c14f7def85] Подключение к БД успешно
[2025-06-13 15:09:27] [684c14f7def85] Параметры запроса: action=get_posts, id=0
[2025-06-13 15:09:27] [684c14f7def85] Получение списка статей
[2025-06-13 15:09:27] [684c14f7def85] Найдено статей: 3
[2025-06-13 15:09:27] Ответ [684c14f7def85] для action=get_posts: {"status":200,"success":true,"message":"Список статей получен","data_size":3,"time":"2.96ms"}
[2025-06-13 15:46:44] Начало обработки запроса [684c1db41227c]
[2025-06-13 15:46:44] [684c1db41227c] Подключение к БД
[2025-06-13 15:46:44] [684c1db41227c] Подключение к БД успешно
[2025-06-13 15:46:44] [684c1db41227c] Параметры запроса: action=get_posts, id=0
[2025-06-13 15:46:44] [684c1db41227c] Получение списка статей
[2025-06-13 15:46:44] [684c1db41227c] Найдено статей: 3
[2025-06-13 15:46:44] Ответ [684c1db41227c] для action=get_posts: {"status":200,"success":true,"message":"Список статей получен","data_size":3,"time":"2.57ms"}
[2025-06-13 16:16:26] Начало обработки запроса [684c24aae45f2]
[2025-06-13 16:16:26] [684c24aae45f2] Подключение к БД
[2025-06-13 16:16:26] [684c24aae45f2] Подключение к БД успешно
[2025-06-13 16:16:26] [684c24aae45f2] Параметры запроса: action=get_posts, id=0
[2025-06-13 16:16:26] [684c24aae45f2] Получение списка статей
[2025-06-13 16:16:26] [684c24aae45f2] Найдено статей: 3
[2025-06-13 16:16:26] Ответ [684c24aae45f2] для action=get_posts: {"status":200,"success":true,"message":"Список статей получен","data_size":3,"time":"2.93ms"}
[2025-06-13 16:16:58] Начало обработки запроса [684c24ca9e515]
[2025-06-13 16:16:58] [684c24ca9e515] Подключение к БД
[2025-06-13 16:16:58] [684c24ca9e515] Подключение к БД успешно
[2025-06-13 16:16:58] [684c24ca9e515] Параметры запроса: action=get_posts, id=0
[2025-06-13 16:16:58] [684c24ca9e515] Получение списка статей
[2025-06-13 16:16:58] [684c24ca9e515] Найдено статей: 3
[2025-06-13 16:16:58] Ответ [684c24ca9e515] для action=get_posts: {"status":200,"success":true,"message":"Список статей получен","data_size":3,"time":"2ms"}
[2025-06-13 16:17:43] Начало обработки запроса [684c24f707d74]
[2025-06-13 16:17:43] [684c24f707d74] Подключение к БД
[2025-06-13 16:17:43] [684c24f707d74] Подключение к БД успешно
[2025-06-13 16:17:43] [684c24f707d74] Параметры запроса: action=get_posts, id=0
[2025-06-13 16:17:43] [684c24f707d74] Получение списка статей
[2025-06-13 16:17:43] [684c24f707d74] Найдено статей: 3
[2025-06-13 16:17:43] Ответ [684c24f707d74] для action=get_posts: {"status":200,"success":true,"message":"Список статей получен","data_size":3,"time":"2.75ms"}
[2025-06-13 16:17:51] Начало обработки запроса [684c24ff8b590]
[2025-06-13 16:17:51] [684c24ff8b590] Подключение к БД
[2025-06-13 16:17:51] [684c24ff8b590] Подключение к БД успешно
[2025-06-13 16:17:51] [684c24ff8b590] Параметры запроса: action=get_posts, id=0
[2025-06-13 16:17:51] [684c24ff8b590] Получение списка статей
[2025-06-13 16:17:51] [684c24ff8b590] Найдено статей: 3
[2025-06-13 16:17:51] Ответ [684c24ff8b590] для action=get_posts: {"status":200,"success":true,"message":"Список статей получен","data_size":3,"time":"1.93ms"}
[2025-06-13 19:02:55] Начало обработки запроса [684c4bafecbfe]
[2025-06-13 19:02:55] [684c4bafecbfe] Подключение к БД
[2025-06-13 19:02:55] [684c4bafecbfe] Подключение к БД успешно
[2025-06-13 19:02:55] [684c4bafecbfe] Параметры запроса: action=get_posts, id=0
[2025-06-13 19:02:55] [684c4bafecbfe] Получение списка статей
[2025-06-13 19:02:55] [684c4bafecbfe] Найдено статей: 3
[2025-06-13 19:02:55] Ответ [684c4bafecbfe] для action=get_posts: {"status":200,"success":true,"message":"Список статей получен","data_size":3,"time":"2.02ms"}
