[2025-06-11 09:52:18] Начало обработки запроса
[2025-06-11 09:52:18] Попытка подключения к БД
[2025-06-11 09:52:18] Подключение к БД успешно
[2025-06-11 09:52:18] Полученные данные: Array
(
    [name] => 123
    [email] => susaricevi@gmail.com
    [message] => zz
    [action] => send_feedback
)

[2025-06-11 09:52:18] Определен action: send_feedback
[2025-06-11 09:52:18] Обработка send_feedback
[2025-06-11 09:52:18] Данные прошли валидацию
[2025-06-11 09:52:18] Подготовлен SQL запрос
[2025-06-11 09:52:18] Сообщение сохранено в БД, ID: 2
[2025-06-11 09:52:18] Ответ для action=send_feedback: {"status":200,"success":true,"message":"\u0421\u043e\u043e\u0431\u0449\u0435\u043d\u0438\u0435 \u0443\u0441\u043f\u0435\u0448\u043d\u043e \u043e\u0442\u043f\u0440\u0430\u0432\u043b\u0435\u043d\u043e"}
[2025-06-11 10:03:05] Начало обработки запроса
[2025-06-11 10:03:05] Попытка подключения к БД
[2025-06-11 10:03:05] Подключение к БД успешно
[2025-06-11 10:03:05] Полученные данные: Array
(
    [name] => эжопа осла
    [email] => dasdk@mail
    [message] => соси
    [action] => send_feedback
)

[2025-06-11 10:03:05] Определен action: send_feedback
[2025-06-11 10:03:05] Обработка send_feedback
[2025-06-11 10:03:05] Ошибка: неверный email: dasdk@mail
[2025-06-11 10:03:05] Ответ для action=send_feedback: {"status":400,"success":false,"message":"\u0423\u043a\u0430\u0436\u0438\u0442\u0435 \u043a\u043e\u0440\u0440\u0435\u043a\u0442\u043d\u044b\u0439 email \u0430\u0434\u0440\u0435\u0441"}
[2025-06-11 10:03:15] Начало обработки запроса
[2025-06-11 10:03:15] Попытка подключения к БД
[2025-06-11 10:03:15] Подключение к БД успешно
[2025-06-11 10:03:15] Полученные данные: Array
(
    [name] => эжопа осла
    [email] => dasdk@mail.ru
    [message] => соси
    [action] => send_feedback
)

[2025-06-11 10:03:15] Определен action: send_feedback
[2025-06-11 10:03:15] Обработка send_feedback
[2025-06-11 10:03:15] Данные прошли валидацию
[2025-06-11 10:03:15] Подготовлен SQL запрос
[2025-06-11 10:03:15] Сообщение сохранено в БД, ID: 3
[2025-06-11 10:03:15] Ответ для action=send_feedback: {"status":200,"success":true,"message":"\u0421\u043e\u043e\u0431\u0449\u0435\u043d\u0438\u0435 \u0443\u0441\u043f\u0435\u0448\u043d\u043e \u043e\u0442\u043f\u0440\u0430\u0432\u043b\u0435\u043d\u043e"}
[2025-06-11 10:03:52] Начало обработки запроса
[2025-06-11 10:03:52] Попытка подключения к БД
[2025-06-11 10:03:52] Подключение к БД успешно
[2025-06-11 10:03:52] Полученные данные: Array
(
)

[2025-06-11 10:03:52] Определен action: send_feedback
[2025-06-11 10:03:52] Обработка send_feedback
[2025-06-11 10:03:52] Ошибка: не указано имя
[2025-06-11 10:03:52] Ответ для action=send_feedback: {"status":400,"success":false,"message":"\u041f\u043e\u0436\u0430\u043b\u0443\u0439\u0441\u0442\u0430, \u0443\u043a\u0430\u0436\u0438\u0442\u0435 \u0432\u0430\u0448\u0435 \u0438\u043c\u044f"}
[2025-06-11 10:24:51] Начало обработки запроса
[2025-06-11 10:24:51] Попытка подключения к БД
[2025-06-11 10:24:51] Подключение к БД успешно
[2025-06-11 10:24:51] Полученные данные: Array
(
    [name] => р
    [email] => masdil@mail.ru
    [message] => zxc
    [action] => send_feedback
)

[2025-06-11 10:24:51] Определен action: send_feedback
[2025-06-11 10:24:51] Обработка send_feedback
[2025-06-11 10:24:51] Данные прошли валидацию
[2025-06-11 10:24:51] Подготовлен SQL запрос
[2025-06-11 10:24:51] Сообщение сохранено в БД, ID: 4
[2025-06-11 10:24:51] Ответ для action=send_feedback: {"status":200,"success":true,"message":"\u0421\u043e\u043e\u0431\u0449\u0435\u043d\u0438\u0435 \u0443\u0441\u043f\u0435\u0448\u043d\u043e \u043e\u0442\u043f\u0440\u0430\u0432\u043b\u0435\u043d\u043e"}
[2025-06-11 14:53:27] Начало обработки запроса [1]
[2025-06-11 14:53:27] [1] Подключение к БД
[2025-06-11 14:53:27] [1] Подключение к БД успешно
[2025-06-11 14:53:27] [1] Полученные данные: Array
(
    [name] => zz
    [email] => q@ru
    [message] => zz
    [action] => send_feedback
    [requestId] => 1
)

[2025-06-11 14:53:27] [1] Action: send_feedback
[2025-06-11 14:53:27] [1] Обработка send_feedback
[2025-06-11 14:53:27] [1] Ошибка: неверный email: q@ru
[2025-06-11 14:53:27] Ответ [1] для action=send_feedback: {"status":400,"success":false,"message":"\u0423\u043a\u0430\u0436\u0438\u0442\u0435 \u043a\u043e\u0440\u0440\u0435\u043a\u0442\u043d\u044b\u0439 email \u0430\u0434\u0440\u0435\u0441","time":"7.64ms"}
[2025-06-11 14:53:39] Начало обработки запроса [2]
[2025-06-11 14:53:39] [2] Подключение к БД
[2025-06-11 14:53:39] [2] Подключение к БД успешно
[2025-06-11 14:53:39] [2] Полученные данные: Array
(
    [name] => zz
    [email] => q@mail.ru
    [message] => zz
    [action] => send_feedback
    [requestId] => 2
)

[2025-06-11 14:53:39] [2] Action: send_feedback
[2025-06-11 14:53:39] [2] Обработка send_feedback
[2025-06-11 14:53:39] [2] Данные валидны
[2025-06-11 14:53:39] [2] Ошибка БД: SQLSTATE[42S22]: Column not found: 1054 Unknown column 'request_id' in 'field list'
[2025-06-11 14:53:39] Ответ [2] для action=send_feedback: {"status":500,"success":false,"message":"\u041e\u0448\u0438\u0431\u043a\u0430 \u0431\u0430\u0437\u044b \u0434\u0430\u043d\u043d\u044b\u0445: SQLSTATE[42S22]: Column not found: 1054 Unknown column 'request_id' in 'field list'","time":"7.99ms"}
[2025-06-11 14:53:51] Начало обработки запроса [3]
[2025-06-11 14:53:51] [3] Подключение к БД
[2025-06-11 14:53:51] [3] Подключение к БД успешно
[2025-06-11 14:53:51] [3] Полученные данные: Array
(
    [name] => 123123
    [email] => sadsdq@mail.ru
    [message] => zz
    [action] => send_feedback
    [requestId] => 3
)

[2025-06-11 14:53:51] [3] Action: send_feedback
[2025-06-11 14:53:51] [3] Обработка send_feedback
[2025-06-11 14:53:51] [3] Данные валидны
[2025-06-11 14:53:51] [3] Ошибка БД: SQLSTATE[42S22]: Column not found: 1054 Unknown column 'request_id' in 'field list'
[2025-06-11 14:53:51] Ответ [3] для action=send_feedback: {"status":500,"success":false,"message":"\u041e\u0448\u0438\u0431\u043a\u0430 \u0431\u0430\u0437\u044b \u0434\u0430\u043d\u043d\u044b\u0445: SQLSTATE[42S22]: Column not found: 1054 Unknown column 'request_id' in 'field list'","time":"8.16ms"}
[2025-06-11 14:53:54] Начало обработки запроса [4]
[2025-06-11 14:53:54] [4] Подключение к БД
[2025-06-11 14:53:54] [4] Подключение к БД успешно
[2025-06-11 14:53:54] [4] Полученные данные: Array
(
    [name] => 123123
    [email] => sadsdq@mail.ru
    [message] => 1232323
    [action] => send_feedback
    [requestId] => 4
)

[2025-06-11 14:53:54] [4] Action: send_feedback
[2025-06-11 14:53:54] [4] Обработка send_feedback
[2025-06-11 14:53:54] [4] Данные валидны
[2025-06-11 14:53:54] [4] Ошибка БД: SQLSTATE[42S22]: Column not found: 1054 Unknown column 'request_id' in 'field list'
[2025-06-11 14:53:54] Ответ [4] для action=send_feedback: {"status":500,"success":false,"message":"\u041e\u0448\u0438\u0431\u043a\u0430 \u0431\u0430\u0437\u044b \u0434\u0430\u043d\u043d\u044b\u0445: SQLSTATE[42S22]: Column not found: 1054 Unknown column 'request_id' in 'field list'","time":"9.87ms"}
[2025-06-11 14:54:27] Начало обработки запроса [5]
[2025-06-11 14:54:27] [5] Подключение к БД
[2025-06-11 14:54:27] [5] Подключение к БД успешно
[2025-06-11 14:54:27] [5] Полученные данные: Array
(
    [name] => 123123
    [email] => sadsdq@mail.ru
    [message] => 1232323
    [action] => send_feedback
    [requestId] => 5
)

[2025-06-11 14:54:27] [5] Action: send_feedback
[2025-06-11 14:54:27] [5] Обработка send_feedback
[2025-06-11 14:54:27] [5] Данные валидны
[2025-06-11 14:54:27] [5] Ошибка БД: SQLSTATE[42S22]: Column not found: 1054 Unknown column 'request_id' in 'field list'
[2025-06-11 14:54:27] Ответ [5] для action=send_feedback: {"status":500,"success":false,"message":"\u041e\u0448\u0438\u0431\u043a\u0430 \u0431\u0430\u0437\u044b \u0434\u0430\u043d\u043d\u044b\u0445: SQLSTATE[42S22]: Column not found: 1054 Unknown column 'request_id' in 'field list'","time":"8.44ms"}
[2025-06-11 14:55:24] Начало обработки запроса [6]
[2025-06-11 14:55:24] [6] Подключение к БД
[2025-06-11 14:55:24] [6] Подключение к БД успешно
[2025-06-11 14:55:24] [6] Полученные данные: Array
(
    [name] => 123123
    [email] => sadsdq@mail.ru
    [message] => 1232323
    [action] => send_feedback
    [requestId] => 6
)

[2025-06-11 14:55:24] [6] Action: send_feedback
[2025-06-11 14:55:24] [6] Обработка send_feedback
[2025-06-11 14:55:24] [6] Данные валидны
[2025-06-11 14:55:24] [6] Сообщение сохранено в БД, ID: 5
[2025-06-11 14:55:24] Ответ [6] для action=send_feedback: {"status":200,"success":true,"message":"\u0421\u043e\u043e\u0431\u0449\u0435\u043d\u0438\u0435 \u0443\u0441\u043f\u0435\u0448\u043d\u043e \u043e\u0442\u043f\u0440\u0430\u0432\u043b\u0435\u043d\u043e","time":"8.47ms"}
[2025-06-11 14:55:41] Начало обработки запроса [1]
[2025-06-11 14:55:41] [1] Подключение к БД
[2025-06-11 14:55:41] [1] Подключение к БД успешно
[2025-06-11 14:55:41] [1] Полученные данные: Array
(
    [name] => zx
    [email] => nikita_200343@mail.ru
    [message] => zx
    [action] => send_feedback
    [requestId] => 1
)

[2025-06-11 14:55:41] [1] Action: send_feedback
[2025-06-11 14:55:41] [1] Обработка send_feedback
[2025-06-11 14:55:41] [1] Данные валидны
[2025-06-11 14:55:41] [1] Сообщение сохранено в БД, ID: 6
[2025-06-11 14:55:41] Ответ [1] для action=send_feedback: {"status":200,"success":true,"message":"\u0421\u043e\u043e\u0431\u0449\u0435\u043d\u0438\u0435 \u0443\u0441\u043f\u0435\u0448\u043d\u043e \u043e\u0442\u043f\u0440\u0430\u0432\u043b\u0435\u043d\u043e","time":"8.7ms"}
[2025-06-11 14:58:05] Начало обработки запроса [68496f4d61de2]
[2025-06-11 14:58:05] [68496f4d61de2] Подключение к БД
[2025-06-11 14:58:05] [68496f4d61de2] Подключение к БД успешно
[2025-06-11 14:58:05] [68496f4d61de2] Полученные данные: Array
(
)

[2025-06-11 14:58:05] [68496f4d61de2] Action: 
[2025-06-11 14:58:05] [68496f4d61de2] Неизвестный action: 
[2025-06-11 14:58:05] Ответ [68496f4d61de2] для action=: {"status":404,"success":false,"message":"\u041d\u0435\u0438\u0437\u0432\u0435\u0441\u0442\u043d\u043e\u0435 \u0434\u0435\u0439\u0441\u0442\u0432\u0438\u0435","time":"0.95ms"}
[2025-06-11 15:39:00] Начало обработки запроса [684978e4eec65]
[2025-06-11 15:39:00] [684978e4eec65] Подключение к БД
[2025-06-11 15:39:00] [684978e4eec65] Подключение к БД успешно
[2025-06-11 15:39:00] [684978e4eec65] Полученные данные: Array
(
)

[2025-06-11 15:39:00] [684978e4eec65] Action: 
[2025-06-11 15:39:00] [684978e4eec65] Неизвестный action: 
[2025-06-11 15:39:00] Ответ [684978e4eec65] для action=: {"status":404,"success":false,"message":"\u041d\u0435\u0438\u0437\u0432\u0435\u0441\u0442\u043d\u043e\u0435 \u0434\u0435\u0439\u0441\u0442\u0432\u0438\u0435","time":"1.06ms"}
[2025-06-11 17:03:15] Начало обработки запроса [68498ca38c7ae]
[2025-06-11 17:03:15] [68498ca38c7ae] Подключение к БД
[2025-06-11 17:03:15] [68498ca38c7ae] Подключение к БД успешно
[2025-06-11 17:03:15] [68498ca38c7ae] Полученные данные: Array
(
)

[2025-06-11 17:03:15] [68498ca38c7ae] Action: 
[2025-06-11 17:03:15] [68498ca38c7ae] Неизвестный action: 
[2025-06-11 17:03:15] Ответ [68498ca38c7ae] для action=: {"status":404,"success":false,"message":"\u041d\u0435\u0438\u0437\u0432\u0435\u0441\u0442\u043d\u043e\u0435 \u0434\u0435\u0439\u0441\u0442\u0432\u0438\u0435","time":"1.57ms"}
[2025-06-12 19:04:52] Начало обработки запроса [1]
[2025-06-12 19:04:52] [1] Подключение к БД
[2025-06-12 19:04:52] [1] Подключение к БД успешно
[2025-06-12 19:04:52] [1] Полученные данные: Array
(
    [name] => 123
    [email] => nikita_200343@mail.ru
    [message] => ывфыв
    [action] => send_feedback
    [requestId] => 1
)

[2025-06-12 19:04:52] [1] Action: send_feedback
[2025-06-12 19:04:52] [1] Обработка send_feedback
[2025-06-12 19:04:52] [1] Данные валидны
[2025-06-12 19:04:52] [1] Сообщение сохранено в БД, ID: 8
[2025-06-12 19:04:52] Ответ [1] для action=send_feedback: {"status":200,"success":true,"message":"\u0421\u043e\u043e\u0431\u0449\u0435\u043d\u0438\u0435 \u0443\u0441\u043f\u0435\u0448\u043d\u043e \u043e\u0442\u043f\u0440\u0430\u0432\u043b\u0435\u043d\u043e","time":"8.28ms"}
[2025-06-13 14:39:10] Начало обработки запроса [1]
[2025-06-13 14:39:10] [1] Подключение к БД
[2025-06-13 14:39:10] [1] Подключение к БД успешно
[2025-06-13 14:39:10] [1] Полученные данные: Array
(
    [name] => sad
    [email] => q@ru
    [message] => sad
    [action] => send_feedback
    [requestId] => 1
)

[2025-06-13 14:39:10] [1] Action: send_feedback
[2025-06-13 14:39:10] [1] Обработка send_feedback
[2025-06-13 14:39:10] [1] Ошибка: неверный email: q@ru
[2025-06-13 14:39:10] Ответ [1] для action=send_feedback: {"status":400,"success":false,"message":"\u0423\u043a\u0430\u0436\u0438\u0442\u0435 \u043a\u043e\u0440\u0440\u0435\u043a\u0442\u043d\u044b\u0439 email \u0430\u0434\u0440\u0435\u0441","time":"7.78ms"}
[2025-06-13 14:39:18] Начало обработки запроса [2]
[2025-06-13 14:39:18] [2] Подключение к БД
[2025-06-13 14:39:18] [2] Подключение к БД успешно
[2025-06-13 14:39:18] [2] Полученные данные: Array
(
    [name] => sad
    [email] => qasd@ru.ru
    [message] => sad
    [action] => send_feedback
    [requestId] => 2
)

[2025-06-13 14:39:18] [2] Action: send_feedback
[2025-06-13 14:39:18] [2] Обработка send_feedback
[2025-06-13 14:39:18] [2] Данные валидны
[2025-06-13 14:39:18] [2] Сообщение сохранено в БД, ID: 9
[2025-06-13 14:39:18] Ответ [2] для action=send_feedback: {"status":200,"success":true,"message":"\u0421\u043e\u043e\u0431\u0449\u0435\u043d\u0438\u0435 \u0443\u0441\u043f\u0435\u0448\u043d\u043e \u043e\u0442\u043f\u0440\u0430\u0432\u043b\u0435\u043d\u043e","time":"9.46ms"}
