[2025-06-11 15:35:31] Начало обработки запроса [1]
[2025-06-11 15:35:31] [1] Подключение к БД
[2025-06-11 15:35:31] [1] Подключение к БД успешно
[2025-06-11 15:35:31] [1] Полученные данные: Array
(
    [name] => кеке
    [phone] => +39423942934
    [email] => smddmasd@mail.ru
    [company] => ооо ослы
    [checkin] => 2025-06-11
    [checkout] => 2025-06-12
    [guests] => 10
    [rooms] => 5
    [group_type] => corporate
    [notes] => 123
    [action] => group_booking_request
    [requestId] => 1
)

[2025-06-11 15:35:31] [1] Action: group_booking_request
[2025-06-11 15:35:31] [1] Обработка group_booking_request
[2025-06-11 15:35:31] [1] Данные валидны
[2025-06-11 15:35:31] [1] Ошибка БД: SQLSTATE[42S02]: Base table or view not found: 1146 Table 'p95364dp_s.group_booking_requests' doesn't exist
[2025-06-11 15:35:31] Ответ [1] для action=group_booking_request: {"status":500,"success":false,"message":"\u041e\u0448\u0438\u0431\u043a\u0430 \u0431\u0430\u0437\u044b \u0434\u0430\u043d\u043d\u044b\u0445: SQLSTATE[42S02]: Base table or view not found: 1146 Table 'p95364dp_s.group_booking_requests' doesn't exist","time":"10.18ms"}
[2025-06-11 15:54:30] Начало обработки запроса [68497c86e212a]
[2025-06-11 15:54:30] [68497c86e212a] Подключение к БД
[2025-06-11 15:54:30] [68497c86e212a] Подключение к БД успешно
[2025-06-11 15:54:30] [68497c86e212a] Полученные данные: Array
(
)

[2025-06-11 15:54:30] [68497c86e212a] Action: 
[2025-06-11 15:54:30] [68497c86e212a] Неизвестный action: 
[2025-06-11 15:54:30] Ответ [68497c86e212a] для action=: {"status":404,"success":false,"message":"\u041d\u0435\u0438\u0437\u0432\u0435\u0441\u0442\u043d\u043e\u0435 \u0434\u0435\u0439\u0441\u0442\u0432\u0438\u0435","time":"1.23ms"}
[2025-06-11 16:07:07] Начало обработки запроса [1]
[2025-06-11 16:07:07] [1] Подключение к БД
[2025-06-11 16:07:07] [1] Подключение к БД успешно
[2025-06-11 16:07:07] [1] Полученные данные: Array
(
    [name] => кеке
    [phone] => +39423942934
    [email] => smddmasd@mail.ru
    [company] => ооо ослы
    [checkin] => 2025-06-11
    [checkout] => 2025-06-12
    [guests] => 10
    [rooms] => 2
    [group_type] => corporate
    [notes] => 3123
    [action] => group_booking_request
    [requestId] => 1
)

[2025-06-11 16:07:07] [1] Action: group_booking_request
[2025-06-11 16:07:07] [1] Обработка group_booking_request
[2025-06-11 16:07:07] [1] Данные валидны
[2025-06-11 16:07:07] [1] Запрос сохранен в БД, ID: 1
[2025-06-11 17:31:15] Начало обработки запроса [1]
[2025-06-11 17:31:15] [1] Подключение к БД
[2025-06-11 17:31:15] [1] Подключение к БД успешно
[2025-06-11 17:31:15] [1] Полученные данные: Array
(
    [name] => sadasd
    [phone] => +39423942934
    [email] => smddmsdasdasd@mail.ru
    [company] => ооо ослы
    [checkin] => 2025-06-11
    [checkout] => 2025-06-19
    [guests] => 10
    [rooms] => 123
    [group_type] => sport
    [notes] => dasd
    [action] => group_booking_request
    [requestId] => 1
)

[2025-06-11 17:31:15] [1] Action: group_booking_request
[2025-06-11 17:31:15] [1] Обработка group_booking_request
[2025-06-11 17:31:15] [1] Данные валидны
[2025-06-11 17:31:15] [1] Запрос сохранен в БД, ID: 2
[2025-06-11 17:50:57] Начало обработки запроса [1]
[2025-06-11 17:50:57] [1] Подключение к БД
[2025-06-11 17:50:57] [1] Подключение к БД успешно
[2025-06-11 17:50:57] [1] Полученные данные: Array
(
    [name] => 23123
    [phone] => +39423942934
    [email] => smddmsdasdasd@mail.ru
    [company] => ооо ослы
    [checkin] => 2025-06-11
    [checkout] => 2025-06-12
    [guests] => 1488
    [rooms] => 888888888
    [group_type] => other
    [notes] => fgsdfsdf
    [action] => group_booking_request
    [requestId] => 1
)

[2025-06-11 17:50:57] [1] Action: group_booking_request
[2025-06-11 17:50:57] [1] Обработка group_booking_request
[2025-06-11 17:50:57] [1] Данные валидны
[2025-06-11 17:50:57] [1] Запрос сохранен в БД, ID: 3
[2025-06-12 14:21:53] Начало обработки запроса [1]
[2025-06-12 14:21:53] [1] Подключение к БД
[2025-06-12 14:21:53] [1] Подключение к БД успешно
[2025-06-12 14:21:53] [1] Полученные данные: Array
(
    [name] => 123
    [phone] => 213
    [email] => smddmasd@mail.ru
    [company] => 123
    [checkin] => 2025-06-12
    [checkout] => 2025-06-13
    [guests] => 10
    [rooms] => 4
    [group_type] => tourist
    [notes] => 123123
    [action] => group_booking_request
    [requestId] => 1
)

[2025-06-12 14:21:53] [1] Action: group_booking_request
[2025-06-12 14:21:53] [1] Обработка group_booking_request
[2025-06-12 14:21:53] [1] Данные валидны
[2025-06-12 14:21:53] [1] Запрос сохранен в БД, ID: 4
[2025-06-13 16:06:27] Начало обработки запроса [684c22537b7c2]
[2025-06-13 16:06:27] [684c22537b7c2] Подключение к БД
[2025-06-13 16:06:27] [684c22537b7c2] Подключение к БД успешно
[2025-06-13 16:06:27] [684c22537b7c2] Полученные данные: Array
(
    [name] => воыао
    [phone] => +79434342323
    [email] => smddmasd@mail.ru
    [company] => ооо ослы
    [checkin] => 2025-06-13
    [checkout] => 2025-06-14
    [guests] => 10
    [rooms] => 1
    [group_type] => corporate
    [notes] => 23
    [action] => group_booking_request
)

[2025-06-13 16:06:27] [684c22537b7c2] Action: group_booking_request
[2025-06-13 16:06:27] [684c22537b7c2] Обработка group_booking_request
[2025-06-13 16:06:27] [684c22537b7c2] Данные валидны
[2025-06-13 16:06:27] [684c22537b7c2] Запрос сохранен в БД, ID: 5
